TpTrace Verbose: 0 : 760, 1, 2023/05/15, 22:58:58.911, 1660651488149, vstest.console.dll, Version: 17.4.0-release-20221019-01 Current process architecture: X64
TpTrace Verbose: 0 : 760, 1, 2023/05/15, 22:58:58.915, 1660651522751, vstest.console.dll, Runtime location: C:\Program Files\dotnet\shared\Microsoft.NETCore.App\7.0.3
TpTrace Verbose: 0 : 760, 1, 2023/05/15, 22:58:58.918, 1660651560431, vstest.console.dll, ArtifactProcessingPostProcessModeProcessorExecutor.Initialize: ArtifactProcessingMode.Collect
TpTrace Verbose: 0 : 760, 1, 2023/05/15, 22:58:58.918, 1660651561227, vstest.console.dll, TestSessionCorrelationIdProcessorModeProcessorExecutor.Initialize: TestSessionCorrelationId '3420_74f4d13d-51e7-492d-9e33-4b5483d85df0'
TpTrace Information: 0 : 760, 1, 2023/05/15, 22:58:58.925, 1660651628254, vstest.console.dll, FilePatternParser: The given file C:\Users\laxmi\source\repos\PostalCode.API\PostalCode.API.Test\bin\Debug\netcoreapp3.1\fine-code-coverage\build-output\PostalCode.API.Test.dll is a full path.
TpTrace Verbose: 0 : 760, 1, 2023/05/15, 22:58:58.932, 1660651696609, vstest.console.dll, TestPluginCache.DiscoverTestExtensions: finding test extensions in assemblies ends with: RuntimeProvider.dll TPluginInfo: Microsoft.VisualStudio.TestPlatform.Common.ExtensionFramework.Utilities.TestRuntimePluginInformation TExtension: Microsoft.VisualStudio.TestPlatform.ObjectModel.Host.ITestRuntimeProvider
TpTrace Verbose: 0 : 760, 1, 2023/05/15, 22:58:58.932, 1660651698421, vstest.console.dll, TestPluginCache.GetExtensionPaths: Filtered extension paths: 
TpTrace Verbose: 0 : 760, 1, 2023/05/15, 22:58:58.932, 1660651699520, vstest.console.dll, TestPluginCache.GetExtensionPaths: Added default extension paths: C:\Program Files\dotnet\sdk\7.0.103\Extensions\Microsoft.Diagnostics.NETCore.Client.dll
C:\Program Files\dotnet\sdk\7.0.103\Extensions\Microsoft.TestPlatform.Extensions.BlameDataCollector.dll
C:\Program Files\dotnet\sdk\7.0.103\Extensions\Microsoft.TestPlatform.Extensions.EventLogCollector.dll
C:\Program Files\dotnet\sdk\7.0.103\Extensions\Microsoft.TestPlatform.TestHostRuntimeProvider.dll
C:\Program Files\dotnet\sdk\7.0.103\Extensions\Microsoft.VisualStudio.TestPlatform.Extensions.Html.TestLogger.dll
C:\Program Files\dotnet\sdk\7.0.103\Extensions\Microsoft.VisualStudio.TestPlatform.Extensions.Trx.TestLogger.dll
TpTrace Verbose: 0 : 760, 1, 2023/05/15, 22:58:58.932, 1660651700086, vstest.console.dll, TestPluginCache.GetExtensionPaths: Added unfilterableExtensionPaths: 
TpTrace Information: 0 : 760, 1, 2023/05/15, 22:58:58.933, 1660651706853, vstest.console.dll, AssemblyResolver.ctor: Creating AssemblyResolver with searchDirectories C:\Program Files\dotnet\sdk\7.0.103\Extensions,C:\Program Files\dotnet\sdk\7.0.103
TpTrace Verbose: 0 : 760, 1, 2023/05/15, 22:58:58.935, 1660651723732, vstest.console.dll, TestPluginCache.DiscoverTestExtensions: Discovering the extensions using extension path.
TpTrace Verbose: 0 : 760, 1, 2023/05/15, 22:58:58.935, 1660651725545, vstest.console.dll, TestPluginCache.GetExtensionPaths: Filtered extension paths: 
TpTrace Verbose: 0 : 760, 1, 2023/05/15, 22:58:58.935, 1660651725782, vstest.console.dll, TestPluginCache.GetExtensionPaths: Added default extension paths: C:\Program Files\dotnet\sdk\7.0.103\Extensions\Microsoft.Diagnostics.NETCore.Client.dll
C:\Program Files\dotnet\sdk\7.0.103\Extensions\Microsoft.TestPlatform.Extensions.BlameDataCollector.dll
C:\Program Files\dotnet\sdk\7.0.103\Extensions\Microsoft.TestPlatform.Extensions.EventLogCollector.dll
C:\Program Files\dotnet\sdk\7.0.103\Extensions\Microsoft.TestPlatform.TestHostRuntimeProvider.dll
C:\Program Files\dotnet\sdk\7.0.103\Extensions\Microsoft.VisualStudio.TestPlatform.Extensions.Html.TestLogger.dll
C:\Program Files\dotnet\sdk\7.0.103\Extensions\Microsoft.VisualStudio.TestPlatform.Extensions.Trx.TestLogger.dll
TpTrace Verbose: 0 : 760, 1, 2023/05/15, 22:58:58.935, 1660651726506, vstest.console.dll, TestPluginCache.GetExtensionPaths: Added unfilterableExtensionPaths: 
TpTrace Verbose: 0 : 760, 1, 2023/05/15, 22:58:58.935, 1660651727071, vstest.console.dll, TestPluginCache.DiscoverTestExtensions: Discovering the extensions using allExtensionPaths: C:\Program Files\dotnet\sdk\7.0.103\Extensions\Microsoft.Diagnostics.NETCore.Client.dll
C:\Program Files\dotnet\sdk\7.0.103\Extensions\Microsoft.TestPlatform.Extensions.BlameDataCollector.dll
C:\Program Files\dotnet\sdk\7.0.103\Extensions\Microsoft.TestPlatform.Extensions.EventLogCollector.dll
C:\Program Files\dotnet\sdk\7.0.103\Extensions\Microsoft.TestPlatform.TestHostRuntimeProvider.dll
C:\Program Files\dotnet\sdk\7.0.103\Extensions\Microsoft.VisualStudio.TestPlatform.Extensions.Html.TestLogger.dll
C:\Program Files\dotnet\sdk\7.0.103\Extensions\Microsoft.VisualStudio.TestPlatform.Extensions.Trx.TestLogger.dll
TpTrace Information: 0 : 760, 1, 2023/05/15, 22:58:58.935, 1660651728801, vstest.console.dll, AssemblyResolver.AddSearchDirectories: Adding more searchDirectories C:\Program Files\dotnet\sdk\7.0.103\Extensions,C:\Program Files\dotnet\sdk\7.0.103
TpTrace Information: 0 : 760, 1, 2023/05/15, 22:58:58.935, 1660651729187, vstest.console.dll, AssemblyResolver.AddSearchDirectories: Adding more searchDirectories C:\Program Files\dotnet\sdk\7.0.103\Extensions,C:\Program Files\dotnet\sdk\7.0.103
TpTrace Information: 0 : 760, 1, 2023/05/15, 22:58:58.935, 1660651729347, vstest.console.dll, AssemblyResolver.AddSearchDirectories: Adding more searchDirectories C:\Program Files\dotnet\sdk\7.0.103\Extensions,C:\Program Files\dotnet\sdk\7.0.103
TpTrace Information: 0 : 760, 1, 2023/05/15, 22:58:58.935, 1660651729780, vstest.console.dll, AssemblyResolver.AddSearchDirectories: Adding more searchDirectories C:\Program Files\dotnet\sdk\7.0.103\Extensions,C:\Program Files\dotnet\sdk\7.0.103
TpTrace Information: 0 : 760, 1, 2023/05/15, 22:58:58.935, 1660651729993, vstest.console.dll, AssemblyResolver.AddSearchDirectories: Adding more searchDirectories C:\Program Files\dotnet\sdk\7.0.103\Extensions,C:\Program Files\dotnet\sdk\7.0.103
TpTrace Information: 0 : 760, 1, 2023/05/15, 22:58:58.935, 1660651730133, vstest.console.dll, AssemblyResolver.AddSearchDirectories: Adding more searchDirectories C:\Program Files\dotnet\sdk\7.0.103\Extensions,C:\Program Files\dotnet\sdk\7.0.103
TpTrace Information: 0 : 760, 1, 2023/05/15, 22:58:58.936, 1660651732958, vstest.console.dll, AssemblyResolver.OnResolve: Microsoft.Diagnostics.NETCore.Client: Resolving assembly.
TpTrace Information: 0 : 760, 1, 2023/05/15, 22:58:58.936, 1660651733379, vstest.console.dll, AssemblyResolver.OnResolve: Microsoft.Diagnostics.NETCore.Client: Searching in: 'C:\Program Files\dotnet\sdk\7.0.103\Extensions'.
TpTrace Information: 0 : 760, 1, 2023/05/15, 22:58:58.943, 1660651810111, vstest.console.dll, AssemblyResolver.OnResolve: Microsoft.Diagnostics.NETCore.Client: Loading assembly 'C:\Program Files\dotnet\sdk\7.0.103\Extensions\Microsoft.Diagnostics.NETCore.Client.dll'.
TpTrace Information: 0 : 760, 1, 2023/05/15, 22:58:58.945, 1660651826090, vstest.console.dll, AssemblyResolver.OnResolve: Resolved assembly: Microsoft.Diagnostics.NETCore.Client, from path: C:\Program Files\dotnet\sdk\7.0.103\Extensions\Microsoft.Diagnostics.NETCore.Client.dll
TpTrace Verbose: 0 : 760, 1, 2023/05/15, 22:58:58.946, 1660651834012, vstest.console.dll, MetadataReaderExtensionsHelper: Discovering extensions inside assembly 'Microsoft.Diagnostics.NETCore.Client, Version=0.2.6.42401, Culture=neutral, PublicKeyToken=31bf3856ad364e35' file path 'C:\Program Files\dotnet\sdk\7.0.103\Extensions\Microsoft.Diagnostics.NETCore.Client.dll'
TpTrace Information: 0 : 760, 1, 2023/05/15, 22:58:58.949, 1660651863549, vstest.console.dll, AssemblyResolver.OnResolve: Microsoft.Bcl.AsyncInterfaces: Resolving assembly.
TpTrace Information: 0 : 760, 1, 2023/05/15, 22:58:58.949, 1660651864316, vstest.console.dll, AssemblyResolver.OnResolve: Microsoft.Bcl.AsyncInterfaces: Searching in: 'C:\Program Files\dotnet\sdk\7.0.103\Extensions'.
TpTrace Information: 0 : 760, 1, 2023/05/15, 22:58:58.949, 1660651864863, vstest.console.dll, AssemblyResolver.OnResolve: Microsoft.Bcl.AsyncInterfaces: Assembly path does not exist: 'C:\Program Files\dotnet\sdk\7.0.103\Extensions\Microsoft.Bcl.AsyncInterfaces.dll', returning.
TpTrace Information: 0 : 760, 1, 2023/05/15, 22:58:58.949, 1660651865537, vstest.console.dll, AssemblyResolver.OnResolve: Microsoft.Bcl.AsyncInterfaces: Assembly path does not exist: 'C:\Program Files\dotnet\sdk\7.0.103\Extensions\Microsoft.Bcl.AsyncInterfaces.exe', returning.
TpTrace Information: 0 : 760, 1, 2023/05/15, 22:58:58.949, 1660651865725, vstest.console.dll, AssemblyResolver.OnResolve: Microsoft.Bcl.AsyncInterfaces: Searching in: 'C:\Program Files\dotnet\sdk\7.0.103'.
TpTrace Information: 0 : 760, 1, 2023/05/15, 22:58:58.949, 1660651866091, vstest.console.dll, AssemblyResolver.OnResolve: Microsoft.Bcl.AsyncInterfaces: Assembly path does not exist: 'C:\Program Files\dotnet\sdk\7.0.103\Microsoft.Bcl.AsyncInterfaces.dll', returning.
TpTrace Information: 0 : 760, 1, 2023/05/15, 22:58:58.949, 1660651866336, vstest.console.dll, AssemblyResolver.OnResolve: Microsoft.Bcl.AsyncInterfaces: Assembly path does not exist: 'C:\Program Files\dotnet\sdk\7.0.103\Microsoft.Bcl.AsyncInterfaces.exe', returning.
TpTrace Information: 0 : 760, 1, 2023/05/15, 22:58:58.949, 1660651866482, vstest.console.dll, AssemblyResolver.OnResolve: Microsoft.Bcl.AsyncInterfaces: Failed to load assembly.
TpTrace Verbose: 0 : 760, 1, 2023/05/15, 22:58:58.949, 1660651866703, vstest.console.dll, CurrentDomainAssemblyResolve: Resolving assembly 'Microsoft.Bcl.AsyncInterfaces'.
TpTrace Information: 0 : 760, 1, 2023/05/15, 22:58:58.949, 1660651867119, vstest.console.dll, AssemblyResolver.OnResolve: Microsoft.Bcl.AsyncInterfaces: Resolving assembly.
TpTrace Information: 0 : 760, 1, 2023/05/15, 22:58:58.949, 1660651867396, vstest.console.dll, AssemblyResolver.OnResolve: Microsoft.Bcl.AsyncInterfaces: Resolved from cache.
TpTrace Verbose: 0 : 760, 1, 2023/05/15, 22:58:58.949, 1660651867534, vstest.console.dll, CurrentDomainAssemblyResolve: Resolving assembly 'Microsoft.Bcl.AsyncInterfaces'.
TpTrace Verbose: 0 : 760, 1, 2023/05/15, 22:58:58.949, 1660651867722, vstest.console.dll, CurrentDomainAssemblyResolve: Failed to resolve assembly 'Microsoft.Bcl.AsyncInterfaces'.
TpTrace Verbose: 0 : 760, 1, 2023/05/15, 22:58:58.955, 1660651932135, vstest.console.dll, CurrentDomainAssemblyResolve: Failed to resolve assembly 'Microsoft.Bcl.AsyncInterfaces'.
TpTrace Warning: 0 : 760, 1, 2023/05/15, 22:58:58.965, 1660652024342, vstest.console.dll, TestPluginDiscoverer: Failed to get types from assembly 'Microsoft.Diagnostics.NETCore.Client, Version=0.2.6.42401, Culture=neutral, PublicKeyToken=31bf3856ad364e35'. Error: System.Reflection.ReflectionTypeLoadException: Unable to load one or more of the requested types.
Could not load file or assembly 'Microsoft.Bcl.AsyncInterfaces, Version=1.0.0.0, Culture=neutral, PublicKeyToken=cc7b13ffcd2ddd51'. The system cannot find the file specified.
   at System.Reflection.RuntimeModule.GetTypes(RuntimeModule module)
   at System.Reflection.Assembly.GetTypes()
   at Microsoft.VisualStudio.TestPlatform.Common.ExtensionFramework.TestPluginDiscoverer.GetTestExtensionsFromAssembly[TPluginInfo,TExtension](Assembly assembly, Dictionary`2 pluginInfos, String filePath)
System.IO.FileNotFoundException: Could not load file or assembly 'Microsoft.Bcl.AsyncInterfaces, Version=1.0.0.0, Culture=neutral, PublicKeyToken=cc7b13ffcd2ddd51'. The system cannot find the file specified.
File name: 'Microsoft.Bcl.AsyncInterfaces, Version=1.0.0.0, Culture=neutral, PublicKeyToken=cc7b13ffcd2ddd51'
 ---> System.IO.FileNotFoundException: Could not load file or assembly 'Microsoft.Bcl.AsyncInterfaces, Culture=neutral, PublicKeyToken=null'. The system cannot find the file specified.
File name: 'Microsoft.Bcl.AsyncInterfaces, Culture=neutral, PublicKeyToken=null'
   at System.Reflection.RuntimeAssembly.InternalLoad(AssemblyName assemblyName, StackCrawlMark& stackMark, AssemblyLoadContext assemblyLoadContext, RuntimeAssembly requestingAssembly, Boolean throwOnFileNotFound)
   at System.Reflection.Assembly.Load(AssemblyName assemblyRef)
   at Microsoft.VisualStudio.TestPlatform.Common.ExtensionFramework.TestPluginCache.CurrentDomainAssemblyResolve(Object sender, AssemblyResolveEventArgs args)
   at System.Runtime.Loader.AssemblyLoadContext.GetFirstResolvedAssemblyFromResolvingEvent(AssemblyName assemblyName)
   at System.Runtime.Loader.AssemblyLoadContext.ResolveUsingEvent(AssemblyName assemblyName)
   at System.Runtime.Loader.AssemblyLoadContext.ResolveUsingResolvingEvent(IntPtr gchManagedAssemblyLoadContext, AssemblyName assemblyName)
TpTrace Warning: 0 : 760, 1, 2023/05/15, 22:58:58.965, 1660652027757, vstest.console.dll, LoaderExceptions: System.IO.FileNotFoundException: Could not load file or assembly 'Microsoft.Bcl.AsyncInterfaces, Version=1.0.0.0, Culture=neutral, PublicKeyToken=cc7b13ffcd2ddd51'. The system cannot find the file specified.
File name: 'Microsoft.Bcl.AsyncInterfaces, Version=1.0.0.0, Culture=neutral, PublicKeyToken=cc7b13ffcd2ddd51'
 ---> System.IO.FileNotFoundException: Could not load file or assembly 'Microsoft.Bcl.AsyncInterfaces, Culture=neutral, PublicKeyToken=null'. The system cannot find the file specified.
File name: 'Microsoft.Bcl.AsyncInterfaces, Culture=neutral, PublicKeyToken=null'
   at System.Reflection.RuntimeAssembly.InternalLoad(AssemblyName assemblyName, StackCrawlMark& stackMark, AssemblyLoadContext assemblyLoadContext, RuntimeAssembly requestingAssembly, Boolean throwOnFileNotFound)
   at System.Reflection.Assembly.Load(AssemblyName assemblyRef)
   at Microsoft.VisualStudio.TestPlatform.Common.ExtensionFramework.TestPluginCache.CurrentDomainAssemblyResolve(Object sender, AssemblyResolveEventArgs args)
   at System.Runtime.Loader.AssemblyLoadContext.GetFirstResolvedAssemblyFromResolvingEvent(AssemblyName assemblyName)
   at System.Runtime.Loader.AssemblyLoadContext.ResolveUsingEvent(AssemblyName assemblyName)
   at System.Runtime.Loader.AssemblyLoadContext.ResolveUsingResolvingEvent(IntPtr gchManagedAssemblyLoadContext, AssemblyName assemblyName)
TpTrace Information: 0 : 760, 1, 2023/05/15, 22:58:58.965, 1660652029516, vstest.console.dll, AssemblyResolver.OnResolve: Microsoft.TestPlatform.Extensions.BlameDataCollector: Resolving assembly.
TpTrace Information: 0 : 760, 1, 2023/05/15, 22:58:58.965, 1660652029862, vstest.console.dll, AssemblyResolver.OnResolve: Microsoft.TestPlatform.Extensions.BlameDataCollector: Searching in: 'C:\Program Files\dotnet\sdk\7.0.103\Extensions'.
TpTrace Information: 0 : 760, 1, 2023/05/15, 22:58:58.966, 1660652037569, vstest.console.dll, AssemblyResolver.OnResolve: Microsoft.TestPlatform.Extensions.BlameDataCollector: Loading assembly 'C:\Program Files\dotnet\sdk\7.0.103\Extensions\Microsoft.TestPlatform.Extensions.BlameDataCollector.dll'.
TpTrace Information: 0 : 760, 1, 2023/05/15, 22:58:58.967, 1660652043955, vstest.console.dll, AssemblyResolver.OnResolve: Resolved assembly: Microsoft.TestPlatform.Extensions.BlameDataCollector, from path: C:\Program Files\dotnet\sdk\7.0.103\Extensions\Microsoft.TestPlatform.Extensions.BlameDataCollector.dll
TpTrace Verbose: 0 : 760, 1, 2023/05/15, 22:58:58.967, 1660652044624, vstest.console.dll, MetadataReaderExtensionsHelper: Discovering extensions inside assembly 'Microsoft.TestPlatform.Extensions.BlameDataCollector, Version=15.0.0.0, Culture=neutral, PublicKeyToken=b03f5f7f11d50a3a' file path 'C:\Program Files\dotnet\sdk\7.0.103\Extensions\Microsoft.TestPlatform.Extensions.BlameDataCollector.dll'
TpTrace Information: 0 : 760, 1, 2023/05/15, 22:58:58.968, 1660652060320, vstest.console.dll, AssemblyResolver.OnResolve: Microsoft.TestPlatform.Extensions.EventLogCollector: Resolving assembly.
TpTrace Information: 0 : 760, 1, 2023/05/15, 22:58:58.968, 1660652060703, vstest.console.dll, AssemblyResolver.OnResolve: Microsoft.TestPlatform.Extensions.EventLogCollector: Searching in: 'C:\Program Files\dotnet\sdk\7.0.103\Extensions'.
TpTrace Information: 0 : 760, 1, 2023/05/15, 22:58:58.969, 1660652065194, vstest.console.dll, AssemblyResolver.OnResolve: Microsoft.TestPlatform.Extensions.EventLogCollector: Loading assembly 'C:\Program Files\dotnet\sdk\7.0.103\Extensions\Microsoft.TestPlatform.Extensions.EventLogCollector.dll'.
TpTrace Information: 0 : 760, 1, 2023/05/15, 22:58:58.969, 1660652068820, vstest.console.dll, AssemblyResolver.OnResolve: Resolved assembly: Microsoft.TestPlatform.Extensions.EventLogCollector, from path: C:\Program Files\dotnet\sdk\7.0.103\Extensions\Microsoft.TestPlatform.Extensions.EventLogCollector.dll
TpTrace Verbose: 0 : 760, 1, 2023/05/15, 22:58:58.969, 1660652069249, vstest.console.dll, MetadataReaderExtensionsHelper: Discovering extensions inside assembly 'Microsoft.TestPlatform.Extensions.EventLogCollector, Version=15.0.0.0, Culture=neutral, PublicKeyToken=b03f5f7f11d50a3a' file path 'C:\Program Files\dotnet\sdk\7.0.103\Extensions\Microsoft.TestPlatform.Extensions.EventLogCollector.dll'
TpTrace Information: 0 : 760, 1, 2023/05/15, 22:58:58.971, 1660652089597, vstest.console.dll, AssemblyResolver.OnResolve: Microsoft.TestPlatform.TestHostRuntimeProvider: Resolving assembly.
TpTrace Information: 0 : 760, 1, 2023/05/15, 22:58:58.971, 1660652089983, vstest.console.dll, AssemblyResolver.OnResolve: Microsoft.TestPlatform.TestHostRuntimeProvider: Searching in: 'C:\Program Files\dotnet\sdk\7.0.103\Extensions'.
TpTrace Information: 0 : 760, 1, 2023/05/15, 22:58:58.972, 1660652094458, vstest.console.dll, AssemblyResolver.OnResolve: Microsoft.TestPlatform.TestHostRuntimeProvider: Loading assembly 'C:\Program Files\dotnet\sdk\7.0.103\Extensions\Microsoft.TestPlatform.TestHostRuntimeProvider.dll'.
TpTrace Information: 0 : 760, 1, 2023/05/15, 22:58:58.972, 1660652099376, vstest.console.dll, AssemblyResolver.OnResolve: Resolved assembly: Microsoft.TestPlatform.TestHostRuntimeProvider, from path: C:\Program Files\dotnet\sdk\7.0.103\Extensions\Microsoft.TestPlatform.TestHostRuntimeProvider.dll
TpTrace Verbose: 0 : 760, 1, 2023/05/15, 22:58:58.972, 1660652099935, vstest.console.dll, MetadataReaderExtensionsHelper: Discovering extensions inside assembly 'Microsoft.TestPlatform.TestHostRuntimeProvider, Version=15.0.0.0, Culture=neutral, PublicKeyToken=b03f5f7f11d50a3a' file path 'C:\Program Files\dotnet\sdk\7.0.103\Extensions\Microsoft.TestPlatform.TestHostRuntimeProvider.dll'
TpTrace Information: 0 : 760, 1, 2023/05/15, 22:58:58.974, 1660652119684, vstest.console.dll, GetTestExtensionFromType: Register extension with identifier data 'HostProvider://DefaultTestHost' and type 'Microsoft.VisualStudio.TestPlatform.CrossPlatEngine.Hosting.DefaultTestHostManager, Microsoft.TestPlatform.TestHostRuntimeProvider, Version=15.0.0.0, Culture=neutral, PublicKeyToken=b03f5f7f11d50a3a' inside file 'C:\Program Files\dotnet\sdk\7.0.103\Extensions\Microsoft.TestPlatform.TestHostRuntimeProvider.dll'
TpTrace Information: 0 : 760, 1, 2023/05/15, 22:58:58.974, 1660652121388, vstest.console.dll, GetTestExtensionFromType: Register extension with identifier data 'HostProvider://DotnetTestHost' and type 'Microsoft.VisualStudio.TestPlatform.CrossPlatEngine.Hosting.DotnetTestHostManager, Microsoft.TestPlatform.TestHostRuntimeProvider, Version=15.0.0.0, Culture=neutral, PublicKeyToken=b03f5f7f11d50a3a' inside file 'C:\Program Files\dotnet\sdk\7.0.103\Extensions\Microsoft.TestPlatform.TestHostRuntimeProvider.dll'
TpTrace Information: 0 : 760, 1, 2023/05/15, 22:58:58.974, 1660652121876, vstest.console.dll, AssemblyResolver.OnResolve: Microsoft.VisualStudio.TestPlatform.Extensions.Html.TestLogger: Resolving assembly.
TpTrace Information: 0 : 760, 1, 2023/05/15, 22:58:58.974, 1660652122101, vstest.console.dll, AssemblyResolver.OnResolve: Microsoft.VisualStudio.TestPlatform.Extensions.Html.TestLogger: Searching in: 'C:\Program Files\dotnet\sdk\7.0.103\Extensions'.
TpTrace Information: 0 : 760, 1, 2023/05/15, 22:58:58.975, 1660652126622, vstest.console.dll, AssemblyResolver.OnResolve: Microsoft.VisualStudio.TestPlatform.Extensions.Html.TestLogger: Loading assembly 'C:\Program Files\dotnet\sdk\7.0.103\Extensions\Microsoft.VisualStudio.TestPlatform.Extensions.Html.TestLogger.dll'.
TpTrace Information: 0 : 760, 1, 2023/05/15, 22:58:58.976, 1660652133761, vstest.console.dll, AssemblyResolver.OnResolve: Resolved assembly: Microsoft.VisualStudio.TestPlatform.Extensions.Html.TestLogger, from path: C:\Program Files\dotnet\sdk\7.0.103\Extensions\Microsoft.VisualStudio.TestPlatform.Extensions.Html.TestLogger.dll
TpTrace Verbose: 0 : 760, 1, 2023/05/15, 22:58:58.976, 1660652134250, vstest.console.dll, MetadataReaderExtensionsHelper: Discovering extensions inside assembly 'Microsoft.VisualStudio.TestPlatform.Extensions.Html.TestLogger, Version=15.0.0.0, Culture=neutral, PublicKeyToken=b03f5f7f11d50a3a' file path 'C:\Program Files\dotnet\sdk\7.0.103\Extensions\Microsoft.VisualStudio.TestPlatform.Extensions.Html.TestLogger.dll'
TpTrace Information: 0 : 760, 1, 2023/05/15, 22:58:58.976, 1660652140240, vstest.console.dll, AssemblyResolver.OnResolve: Microsoft.VisualStudio.TestPlatform.Extensions.Trx.TestLogger: Resolving assembly.
TpTrace Information: 0 : 760, 1, 2023/05/15, 22:58:58.976, 1660652140641, vstest.console.dll, AssemblyResolver.OnResolve: Microsoft.VisualStudio.TestPlatform.Extensions.Trx.TestLogger: Searching in: 'C:\Program Files\dotnet\sdk\7.0.103\Extensions'.
TpTrace Information: 0 : 760, 1, 2023/05/15, 22:58:58.977, 1660652149427, vstest.console.dll, AssemblyResolver.OnResolve: Microsoft.VisualStudio.TestPlatform.Extensions.Trx.TestLogger: Loading assembly 'C:\Program Files\dotnet\sdk\7.0.103\Extensions\Microsoft.VisualStudio.TestPlatform.Extensions.Trx.TestLogger.dll'.
TpTrace Information: 0 : 760, 1, 2023/05/15, 22:58:58.978, 1660652158029, vstest.console.dll, AssemblyResolver.OnResolve: Resolved assembly: Microsoft.VisualStudio.TestPlatform.Extensions.Trx.TestLogger, from path: C:\Program Files\dotnet\sdk\7.0.103\Extensions\Microsoft.VisualStudio.TestPlatform.Extensions.Trx.TestLogger.dll
TpTrace Verbose: 0 : 760, 1, 2023/05/15, 22:58:58.978, 1660652158638, vstest.console.dll, MetadataReaderExtensionsHelper: Discovering extensions inside assembly 'Microsoft.VisualStudio.TestPlatform.Extensions.Trx.TestLogger, Version=15.0.0.0, Culture=neutral, PublicKeyToken=b03f5f7f11d50a3a' file path 'C:\Program Files\dotnet\sdk\7.0.103\Extensions\Microsoft.VisualStudio.TestPlatform.Extensions.Trx.TestLogger.dll'
TpTrace Verbose: 0 : 760, 1, 2023/05/15, 22:58:58.979, 1660652171338, vstest.console.dll, TestPluginCache: Discovered the extensions using extension path ''.
TpTrace Verbose: 0 : 760, 1, 2023/05/15, 22:58:58.979, 1660652171859, vstest.console.dll, TestPluginCache: Discoverers are ''.
TpTrace Verbose: 0 : 760, 1, 2023/05/15, 22:58:58.979, 1660652172057, vstest.console.dll, TestPluginCache: Executors are ''.
TpTrace Verbose: 0 : 760, 1, 2023/05/15, 22:58:58.979, 1660652172183, vstest.console.dll, TestPluginCache: Executors2 are ''.
TpTrace Verbose: 0 : 760, 1, 2023/05/15, 22:58:58.980, 1660652172302, vstest.console.dll, TestPluginCache: Setting providers are ''.
TpTrace Verbose: 0 : 760, 1, 2023/05/15, 22:58:58.980, 1660652172438, vstest.console.dll, TestPluginCache: Loggers are ''.
TpTrace Verbose: 0 : 760, 1, 2023/05/15, 22:58:58.980, 1660652173514, vstest.console.dll, TestPluginCache: TestHosts are 'HostProvider://DefaultTestHost,HostProvider://DotnetTestHost'.
TpTrace Verbose: 0 : 760, 1, 2023/05/15, 22:58:58.980, 1660652173742, vstest.console.dll, TestPluginCache: DataCollectors are ''.
TpTrace Information: 0 : 760, 1, 2023/05/15, 22:58:58.999, 1660652368904, vstest.console.dll, RunTestsArgumentProcessor:Execute: Test run is starting.
TpTrace Verbose: 0 : 760, 1, 2023/05/15, 22:58:58.999, 1660652369997, vstest.console.dll, RunTestsArgumentProcessor:Execute: Queuing Test run.
TpTrace Information: 0 : 760, 1, 2023/05/15, 22:58:59.000, 1660652372323, vstest.console.dll, TestRequestManager.RunTests: run tests started.
TpTrace Information: 0 : 760, 1, 2023/05/15, 22:58:59.001, 1660652387020, vstest.console.dll, AssemblyMetadataProvider.GetFrameworkName: Determined framework:'.NETCoreApp,Version=v3.1' for source: 'C:\Users\laxmi\source\repos\PostalCode.API\PostalCode.API.Test\bin\Debug\netcoreapp3.1\fine-code-coverage\build-output\PostalCode.API.Test.dll'
TpTrace Information: 0 : 760, 1, 2023/05/15, 22:58:59.001, 1660652388286, vstest.console.dll, Determined framework for all sources: .NETCoreApp,Version=v3.1
TpTrace Verbose: 0 : 760, 1, 2023/05/15, 22:58:59.001, 1660652391116, vstest.console.dll, TestRequestManager.UpdateRunSettingsIfRequired: Default architecture: X64 IsDefaultTargetArchitecture: True, Current process architecture: X64 OperatingSystem: Windows.
TpTrace Information: 0 : 760, 1, 2023/05/15, 22:58:59.003, 1660652404658, vstest.console.dll, AssemblyMetadataProvider.GetArchitecture: Determined architecture:AnyCPU info for assembly: C:\Users\laxmi\source\repos\PostalCode.API\PostalCode.API.Test\bin\Debug\netcoreapp3.1\fine-code-coverage\build-output\PostalCode.API.Test.dll
TpTrace Information: 0 : 760, 1, 2023/05/15, 22:58:59.003, 1660652405152, vstest.console.dll, Determined platform for source 'C:\Users\laxmi\source\repos\PostalCode.API\PostalCode.API.Test\bin\Debug\netcoreapp3.1\fine-code-coverage\build-output\PostalCode.API.Test.dll' was AnyCPU and it will use the default plaform X64.
TpTrace Information: 0 : 760, 1, 2023/05/15, 22:58:59.003, 1660652405319, vstest.console.dll, None of the sources provided any runnable platform, using the default platform: X64
TpTrace Information: 0 : 760, 1, 2023/05/15, 22:58:59.003, 1660652405933, vstest.console.dll, Platform was updated to 'X64'.
TpTrace Information: 0 : 760, 1, 2023/05/15, 22:58:59.008, 1660652460885, vstest.console.dll, InferRunSettingsHelper.IsTestSettingsEnabled: Unable to navigate to RunSettings/MSTest. Current node: RunSettings
TpTrace Information: 0 : 760, 1, 2023/05/15, 22:58:59.009, 1660652468596, vstest.console.dll, AssemblyResolver.OnResolve: Microsoft.VisualStudio.TestPlatform.Fakes: Resolving assembly.
TpTrace Information: 0 : 760, 1, 2023/05/15, 22:58:59.009, 1660652469127, vstest.console.dll, AssemblyResolver.OnResolve: Microsoft.VisualStudio.TestPlatform.Fakes: Searching in: 'C:\Program Files\dotnet\sdk\7.0.103\Extensions'.
TpTrace Information: 0 : 760, 1, 2023/05/15, 22:58:59.009, 1660652469749, vstest.console.dll, AssemblyResolver.OnResolve: Microsoft.VisualStudio.TestPlatform.Fakes: Assembly path does not exist: 'C:\Program Files\dotnet\sdk\7.0.103\Extensions\Microsoft.VisualStudio.TestPlatform.Fakes.dll', returning.
TpTrace Information: 0 : 760, 1, 2023/05/15, 22:58:59.009, 1660652470113, vstest.console.dll, AssemblyResolver.OnResolve: Microsoft.VisualStudio.TestPlatform.Fakes: Assembly path does not exist: 'C:\Program Files\dotnet\sdk\7.0.103\Extensions\Microsoft.VisualStudio.TestPlatform.Fakes.exe', returning.
TpTrace Information: 0 : 760, 1, 2023/05/15, 22:58:59.009, 1660652470269, vstest.console.dll, AssemblyResolver.OnResolve: Microsoft.VisualStudio.TestPlatform.Fakes: Searching in: 'C:\Program Files\dotnet\sdk\7.0.103'.
TpTrace Information: 0 : 760, 1, 2023/05/15, 22:58:59.009, 1660652470610, vstest.console.dll, AssemblyResolver.OnResolve: Microsoft.VisualStudio.TestPlatform.Fakes: Assembly path does not exist: 'C:\Program Files\dotnet\sdk\7.0.103\Microsoft.VisualStudio.TestPlatform.Fakes.dll', returning.
TpTrace Information: 0 : 760, 1, 2023/05/15, 22:58:59.009, 1660652470856, vstest.console.dll, AssemblyResolver.OnResolve: Microsoft.VisualStudio.TestPlatform.Fakes: Assembly path does not exist: 'C:\Program Files\dotnet\sdk\7.0.103\Microsoft.VisualStudio.TestPlatform.Fakes.exe', returning.
TpTrace Information: 0 : 760, 1, 2023/05/15, 22:58:59.009, 1660652471043, vstest.console.dll, AssemblyResolver.OnResolve: Microsoft.VisualStudio.TestPlatform.Fakes: Failed to load assembly.
TpTrace Information: 0 : 760, 1, 2023/05/15, 22:58:59.010, 1660652473210, vstest.console.dll, Failed to load assembly Microsoft.VisualStudio.TestPlatform.Fakes, Version=17.0.0.0, Culture=neutral. Reason:System.IO.FileNotFoundException: Could not load file or assembly 'Microsoft.VisualStudio.TestPlatform.Fakes, Version=17.0.0.0, Culture=neutral, PublicKeyToken=null'. The system cannot find the file specified.
File name: 'Microsoft.VisualStudio.TestPlatform.Fakes, Version=17.0.0.0, Culture=neutral, PublicKeyToken=null'
   at System.Reflection.RuntimeAssembly.InternalLoad(AssemblyName assemblyName, StackCrawlMark& stackMark, AssemblyLoadContext assemblyLoadContext, RuntimeAssembly requestingAssembly, Boolean throwOnFileNotFound)
   at System.Reflection.Assembly.Load(AssemblyName assemblyRef)
   at Microsoft.VisualStudio.TestPlatform.Common.Utilities.FakesUtilities.LoadTestPlatformAssembly()
TpTrace Verbose: 0 : 760, 1, 2023/05/15, 22:58:59.015, 1660652522620, vstest.console.dll, TestPluginCache.DiscoverTestExtensions: finding test extensions in assemblies ends with: TestLogger.dll TPluginInfo: Microsoft.VisualStudio.TestPlatform.Common.ExtensionFramework.Utilities.TestLoggerPluginInformation TExtension: Microsoft.VisualStudio.TestPlatform.ObjectModel.Client.ITestLogger
TpTrace Verbose: 0 : 760, 1, 2023/05/15, 22:58:59.015, 1660652523560, vstest.console.dll, TestPluginCache.GetExtensionPaths: Filtered extension paths: 
TpTrace Verbose: 0 : 760, 1, 2023/05/15, 22:58:59.015, 1660652523780, vstest.console.dll, TestPluginCache.GetExtensionPaths: Added default extension paths: C:\Program Files\dotnet\sdk\7.0.103\Extensions\Microsoft.Diagnostics.NETCore.Client.dll
C:\Program Files\dotnet\sdk\7.0.103\Extensions\Microsoft.TestPlatform.Extensions.BlameDataCollector.dll
C:\Program Files\dotnet\sdk\7.0.103\Extensions\Microsoft.TestPlatform.Extensions.EventLogCollector.dll
C:\Program Files\dotnet\sdk\7.0.103\Extensions\Microsoft.TestPlatform.TestHostRuntimeProvider.dll
C:\Program Files\dotnet\sdk\7.0.103\Extensions\Microsoft.VisualStudio.TestPlatform.Extensions.Html.TestLogger.dll
C:\Program Files\dotnet\sdk\7.0.103\Extensions\Microsoft.VisualStudio.TestPlatform.Extensions.Trx.TestLogger.dll
TpTrace Verbose: 0 : 760, 1, 2023/05/15, 22:58:59.015, 1660652523951, vstest.console.dll, TestPluginCache.GetExtensionPaths: Added unfilterableExtensionPaths: 
TpTrace Information: 0 : 760, 1, 2023/05/15, 22:58:59.015, 1660652524886, vstest.console.dll, AssemblyResolver.AddSearchDirectories: Adding more searchDirectories C:\Program Files\dotnet\sdk\7.0.103\Extensions,C:\Program Files\dotnet\sdk\7.0.103
TpTrace Verbose: 0 : 760, 1, 2023/05/15, 22:58:59.015, 1660652525172, vstest.console.dll, TestPluginCache.DiscoverTestExtensions: Discovering the extensions using extension path.
TpTrace Verbose: 0 : 760, 1, 2023/05/15, 22:58:59.015, 1660652525385, vstest.console.dll, TestPluginCache.GetExtensionPaths: Filtered extension paths: 
TpTrace Verbose: 0 : 760, 1, 2023/05/15, 22:58:59.015, 1660652525642, vstest.console.dll, TestPluginCache.GetExtensionPaths: Added default extension paths: C:\Program Files\dotnet\sdk\7.0.103\Extensions\Microsoft.Diagnostics.NETCore.Client.dll
C:\Program Files\dotnet\sdk\7.0.103\Extensions\Microsoft.TestPlatform.Extensions.BlameDataCollector.dll
C:\Program Files\dotnet\sdk\7.0.103\Extensions\Microsoft.TestPlatform.Extensions.EventLogCollector.dll
C:\Program Files\dotnet\sdk\7.0.103\Extensions\Microsoft.TestPlatform.TestHostRuntimeProvider.dll
C:\Program Files\dotnet\sdk\7.0.103\Extensions\Microsoft.VisualStudio.TestPlatform.Extensions.Html.TestLogger.dll
C:\Program Files\dotnet\sdk\7.0.103\Extensions\Microsoft.VisualStudio.TestPlatform.Extensions.Trx.TestLogger.dll
TpTrace Verbose: 0 : 760, 1, 2023/05/15, 22:58:59.015, 1660652525782, vstest.console.dll, TestPluginCache.GetExtensionPaths: Added unfilterableExtensionPaths: 
TpTrace Verbose: 0 : 760, 1, 2023/05/15, 22:58:59.015, 1660652526006, vstest.console.dll, TestPluginCache.DiscoverTestExtensions: Discovering the extensions using allExtensionPaths: C:\Program Files\dotnet\sdk\7.0.103\Extensions\Microsoft.Diagnostics.NETCore.Client.dll
C:\Program Files\dotnet\sdk\7.0.103\Extensions\Microsoft.TestPlatform.Extensions.BlameDataCollector.dll
C:\Program Files\dotnet\sdk\7.0.103\Extensions\Microsoft.TestPlatform.Extensions.EventLogCollector.dll
C:\Program Files\dotnet\sdk\7.0.103\Extensions\Microsoft.TestPlatform.TestHostRuntimeProvider.dll
C:\Program Files\dotnet\sdk\7.0.103\Extensions\Microsoft.VisualStudio.TestPlatform.Extensions.Html.TestLogger.dll
C:\Program Files\dotnet\sdk\7.0.103\Extensions\Microsoft.VisualStudio.TestPlatform.Extensions.Trx.TestLogger.dll
TpTrace Information: 0 : 760, 1, 2023/05/15, 22:58:59.015, 1660652526677, vstest.console.dll, AssemblyResolver.AddSearchDirectories: Adding more searchDirectories C:\Program Files\dotnet\sdk\7.0.103\Extensions,C:\Program Files\dotnet\sdk\7.0.103
TpTrace Information: 0 : 760, 1, 2023/05/15, 22:58:59.015, 1660652526983, vstest.console.dll, AssemblyResolver.AddSearchDirectories: Adding more searchDirectories C:\Program Files\dotnet\sdk\7.0.103\Extensions,C:\Program Files\dotnet\sdk\7.0.103
TpTrace Information: 0 : 760, 1, 2023/05/15, 22:58:59.015, 1660652527193, vstest.console.dll, AssemblyResolver.AddSearchDirectories: Adding more searchDirectories C:\Program Files\dotnet\sdk\7.0.103\Extensions,C:\Program Files\dotnet\sdk\7.0.103
TpTrace Information: 0 : 760, 1, 2023/05/15, 22:58:59.015, 1660652527330, vstest.console.dll, AssemblyResolver.AddSearchDirectories: Adding more searchDirectories C:\Program Files\dotnet\sdk\7.0.103\Extensions,C:\Program Files\dotnet\sdk\7.0.103
TpTrace Information: 0 : 760, 1, 2023/05/15, 22:58:59.015, 1660652527510, vstest.console.dll, AssemblyResolver.AddSearchDirectories: Adding more searchDirectories C:\Program Files\dotnet\sdk\7.0.103\Extensions,C:\Program Files\dotnet\sdk\7.0.103
TpTrace Information: 0 : 760, 1, 2023/05/15, 22:58:59.015, 1660652527650, vstest.console.dll, AssemblyResolver.AddSearchDirectories: Adding more searchDirectories C:\Program Files\dotnet\sdk\7.0.103\Extensions,C:\Program Files\dotnet\sdk\7.0.103
TpTrace Verbose: 0 : 760, 1, 2023/05/15, 22:58:59.015, 1660652528409, vstest.console.dll, MetadataReaderExtensionsHelper: Discovering extensions inside assembly 'Microsoft.Diagnostics.NETCore.Client, Version=0.2.6.42401, Culture=neutral, PublicKeyToken=31bf3856ad364e35' file path 'C:\Program Files\dotnet\sdk\7.0.103\Extensions\Microsoft.Diagnostics.NETCore.Client.dll'
TpTrace Information: 0 : 760, 1, 2023/05/15, 22:58:59.016, 1660652533757, vstest.console.dll, AssemblyResolver.OnResolve: Microsoft.Bcl.AsyncInterfaces: Resolving assembly.
TpTrace Information: 0 : 760, 1, 2023/05/15, 22:58:59.016, 1660652534211, vstest.console.dll, AssemblyResolver.OnResolve: Microsoft.Bcl.AsyncInterfaces: Resolved from cache.
TpTrace Verbose: 0 : 760, 1, 2023/05/15, 22:58:59.016, 1660652534399, vstest.console.dll, CurrentDomainAssemblyResolve: Resolving assembly 'Microsoft.Bcl.AsyncInterfaces'.
TpTrace Information: 0 : 760, 1, 2023/05/15, 22:58:59.016, 1660652534674, vstest.console.dll, AssemblyResolver.OnResolve: Microsoft.Bcl.AsyncInterfaces: Resolving assembly.
TpTrace Information: 0 : 760, 1, 2023/05/15, 22:58:59.016, 1660652534826, vstest.console.dll, AssemblyResolver.OnResolve: Microsoft.Bcl.AsyncInterfaces: Resolved from cache.
TpTrace Verbose: 0 : 760, 1, 2023/05/15, 22:58:59.016, 1660652535014, vstest.console.dll, CurrentDomainAssemblyResolve: Resolving assembly 'Microsoft.Bcl.AsyncInterfaces'.
TpTrace Verbose: 0 : 760, 1, 2023/05/15, 22:58:59.016, 1660652535147, vstest.console.dll, CurrentDomainAssemblyResolve: Failed to resolve assembly 'Microsoft.Bcl.AsyncInterfaces'.
TpTrace Verbose: 0 : 760, 1, 2023/05/15, 22:58:59.016, 1660652536238, vstest.console.dll, CurrentDomainAssemblyResolve: Failed to resolve assembly 'Microsoft.Bcl.AsyncInterfaces'.
TpTrace Warning: 0 : 760, 1, 2023/05/15, 22:58:59.017, 1660652544573, vstest.console.dll, TestPluginDiscoverer: Failed to get types from assembly 'Microsoft.Diagnostics.NETCore.Client, Version=0.2.6.42401, Culture=neutral, PublicKeyToken=31bf3856ad364e35'. Error: System.Reflection.ReflectionTypeLoadException: Unable to load one or more of the requested types.
Could not load file or assembly 'Microsoft.Bcl.AsyncInterfaces, Version=1.0.0.0, Culture=neutral, PublicKeyToken=cc7b13ffcd2ddd51'. The system cannot find the file specified.
   at System.Reflection.RuntimeModule.GetTypes(RuntimeModule module)
   at System.Reflection.Assembly.GetTypes()
   at Microsoft.VisualStudio.TestPlatform.Common.ExtensionFramework.TestPluginDiscoverer.GetTestExtensionsFromAssembly[TPluginInfo,TExtension](Assembly assembly, Dictionary`2 pluginInfos, String filePath)
System.IO.FileNotFoundException: Could not load file or assembly 'Microsoft.Bcl.AsyncInterfaces, Version=1.0.0.0, Culture=neutral, PublicKeyToken=cc7b13ffcd2ddd51'. The system cannot find the file specified.
File name: 'Microsoft.Bcl.AsyncInterfaces, Version=1.0.0.0, Culture=neutral, PublicKeyToken=cc7b13ffcd2ddd51'
 ---> System.IO.FileNotFoundException: Could not load file or assembly 'Microsoft.Bcl.AsyncInterfaces, Culture=neutral, PublicKeyToken=null'. The system cannot find the file specified.
File name: 'Microsoft.Bcl.AsyncInterfaces, Culture=neutral, PublicKeyToken=null'
   at System.Reflection.RuntimeAssembly.InternalLoad(AssemblyName assemblyName, StackCrawlMark& stackMark, AssemblyLoadContext assemblyLoadContext, RuntimeAssembly requestingAssembly, Boolean throwOnFileNotFound)
   at System.Reflection.Assembly.Load(AssemblyName assemblyRef)
   at Microsoft.VisualStudio.TestPlatform.Common.ExtensionFramework.TestPluginCache.CurrentDomainAssemblyResolve(Object sender, AssemblyResolveEventArgs args)
   at System.Runtime.Loader.AssemblyLoadContext.GetFirstResolvedAssemblyFromResolvingEvent(AssemblyName assemblyName)
   at System.Runtime.Loader.AssemblyLoadContext.ResolveUsingEvent(AssemblyName assemblyName)
   at System.Runtime.Loader.AssemblyLoadContext.ResolveUsingResolvingEvent(IntPtr gchManagedAssemblyLoadContext, AssemblyName assemblyName)
TpTrace Warning: 0 : 760, 1, 2023/05/15, 22:58:59.017, 1660652546564, vstest.console.dll, LoaderExceptions: System.IO.FileNotFoundException: Could not load file or assembly 'Microsoft.Bcl.AsyncInterfaces, Version=1.0.0.0, Culture=neutral, PublicKeyToken=cc7b13ffcd2ddd51'. The system cannot find the file specified.
File name: 'Microsoft.Bcl.AsyncInterfaces, Version=1.0.0.0, Culture=neutral, PublicKeyToken=cc7b13ffcd2ddd51'
 ---> System.IO.FileNotFoundException: Could not load file or assembly 'Microsoft.Bcl.AsyncInterfaces, Culture=neutral, PublicKeyToken=null'. The system cannot find the file specified.
File name: 'Microsoft.Bcl.AsyncInterfaces, Culture=neutral, PublicKeyToken=null'
   at System.Reflection.RuntimeAssembly.InternalLoad(AssemblyName assemblyName, StackCrawlMark& stackMark, AssemblyLoadContext assemblyLoadContext, RuntimeAssembly requestingAssembly, Boolean throwOnFileNotFound)
   at System.Reflection.Assembly.Load(AssemblyName assemblyRef)
   at Microsoft.VisualStudio.TestPlatform.Common.ExtensionFramework.TestPluginCache.CurrentDomainAssemblyResolve(Object sender, AssemblyResolveEventArgs args)
   at System.Runtime.Loader.AssemblyLoadContext.GetFirstResolvedAssemblyFromResolvingEvent(AssemblyName assemblyName)
   at System.Runtime.Loader.AssemblyLoadContext.ResolveUsingEvent(AssemblyName assemblyName)
   at System.Runtime.Loader.AssemblyLoadContext.ResolveUsingResolvingEvent(IntPtr gchManagedAssemblyLoadContext, AssemblyName assemblyName)
TpTrace Verbose: 0 : 760, 1, 2023/05/15, 22:58:59.017, 1660652547182, vstest.console.dll, MetadataReaderExtensionsHelper: Discovering extensions inside assembly 'Microsoft.TestPlatform.Extensions.BlameDataCollector, Version=15.0.0.0, Culture=neutral, PublicKeyToken=b03f5f7f11d50a3a' file path 'C:\Program Files\dotnet\sdk\7.0.103\Extensions\Microsoft.TestPlatform.Extensions.BlameDataCollector.dll'
TpTrace Information: 0 : 760, 1, 2023/05/15, 22:58:59.017, 1660652550181, vstest.console.dll, GetTestExtensionFromType: Register extension with identifier data 'logger://Microsoft/TestPlatform/Extensions/Blame/v1' and type 'Microsoft.TestPlatform.Extensions.BlameDataCollector.BlameLogger, Microsoft.TestPlatform.Extensions.BlameDataCollector, Version=15.0.0.0, Culture=neutral, PublicKeyToken=b03f5f7f11d50a3a' inside file 'C:\Program Files\dotnet\sdk\7.0.103\Extensions\Microsoft.TestPlatform.Extensions.BlameDataCollector.dll'
TpTrace Verbose: 0 : 760, 1, 2023/05/15, 22:58:59.017, 1660652550643, vstest.console.dll, MetadataReaderExtensionsHelper: Discovering extensions inside assembly 'Microsoft.TestPlatform.Extensions.EventLogCollector, Version=15.0.0.0, Culture=neutral, PublicKeyToken=b03f5f7f11d50a3a' file path 'C:\Program Files\dotnet\sdk\7.0.103\Extensions\Microsoft.TestPlatform.Extensions.EventLogCollector.dll'
TpTrace Verbose: 0 : 760, 1, 2023/05/15, 22:58:59.018, 1660652552348, vstest.console.dll, MetadataReaderExtensionsHelper: Discovering extensions inside assembly 'Microsoft.TestPlatform.TestHostRuntimeProvider, Version=15.0.0.0, Culture=neutral, PublicKeyToken=b03f5f7f11d50a3a' file path 'C:\Program Files\dotnet\sdk\7.0.103\Extensions\Microsoft.TestPlatform.TestHostRuntimeProvider.dll'
TpTrace Verbose: 0 : 760, 1, 2023/05/15, 22:58:59.018, 1660652554005, vstest.console.dll, MetadataReaderExtensionsHelper: Discovering extensions inside assembly 'Microsoft.VisualStudio.TestPlatform.Extensions.Html.TestLogger, Version=15.0.0.0, Culture=neutral, PublicKeyToken=b03f5f7f11d50a3a' file path 'C:\Program Files\dotnet\sdk\7.0.103\Extensions\Microsoft.VisualStudio.TestPlatform.Extensions.Html.TestLogger.dll'
TpTrace Information: 0 : 760, 1, 2023/05/15, 22:58:59.018, 1660652556580, vstest.console.dll, GetTestExtensionFromType: Register extension with identifier data 'logger://Microsoft/TestPlatform/HtmlLogger/v1' and type 'Microsoft.VisualStudio.TestPlatform.Extensions.HtmlLogger.HtmlLogger, Microsoft.VisualStudio.TestPlatform.Extensions.Html.TestLogger, Version=15.0.0.0, Culture=neutral, PublicKeyToken=b03f5f7f11d50a3a' inside file 'C:\Program Files\dotnet\sdk\7.0.103\Extensions\Microsoft.VisualStudio.TestPlatform.Extensions.Html.TestLogger.dll'
TpTrace Verbose: 0 : 760, 1, 2023/05/15, 22:58:59.018, 1660652557006, vstest.console.dll, MetadataReaderExtensionsHelper: Discovering extensions inside assembly 'Microsoft.VisualStudio.TestPlatform.Extensions.Trx.TestLogger, Version=15.0.0.0, Culture=neutral, PublicKeyToken=b03f5f7f11d50a3a' file path 'C:\Program Files\dotnet\sdk\7.0.103\Extensions\Microsoft.VisualStudio.TestPlatform.Extensions.Trx.TestLogger.dll'
TpTrace Information: 0 : 760, 1, 2023/05/15, 22:58:59.018, 1660652558833, vstest.console.dll, GetTestExtensionFromType: Register extension with identifier data 'logger://Microsoft/TestPlatform/TrxLogger/v1' and type 'Microsoft.VisualStudio.TestPlatform.Extensions.TrxLogger.TrxLogger, Microsoft.VisualStudio.TestPlatform.Extensions.Trx.TestLogger, Version=15.0.0.0, Culture=neutral, PublicKeyToken=b03f5f7f11d50a3a' inside file 'C:\Program Files\dotnet\sdk\7.0.103\Extensions\Microsoft.VisualStudio.TestPlatform.Extensions.Trx.TestLogger.dll'
TpTrace Verbose: 0 : 760, 1, 2023/05/15, 22:58:59.018, 1660652559292, vstest.console.dll, TestPluginCache: Discovered the extensions using extension path ''.
TpTrace Verbose: 0 : 760, 1, 2023/05/15, 22:58:59.018, 1660652559446, vstest.console.dll, TestPluginCache: Discoverers are ''.
TpTrace Verbose: 0 : 760, 1, 2023/05/15, 22:58:59.018, 1660652559557, vstest.console.dll, TestPluginCache: Executors are ''.
TpTrace Verbose: 0 : 760, 1, 2023/05/15, 22:58:59.018, 1660652559663, vstest.console.dll, TestPluginCache: Executors2 are ''.
TpTrace Verbose: 0 : 760, 1, 2023/05/15, 22:58:59.018, 1660652559767, vstest.console.dll, TestPluginCache: Setting providers are ''.
TpTrace Verbose: 0 : 760, 1, 2023/05/15, 22:58:59.018, 1660652560158, vstest.console.dll, TestPluginCache: Loggers are 'logger://Microsoft/TestPlatform/Extensions/Blame/v1,logger://Microsoft/TestPlatform/HtmlLogger/v1,logger://Microsoft/TestPlatform/TrxLogger/v1'.
TpTrace Verbose: 0 : 760, 1, 2023/05/15, 22:58:59.018, 1660652560394, vstest.console.dll, TestPluginCache: TestHosts are 'HostProvider://DefaultTestHost,HostProvider://DotnetTestHost'.
TpTrace Verbose: 0 : 760, 1, 2023/05/15, 22:58:59.018, 1660652560512, vstest.console.dll, TestPluginCache: DataCollectors are ''.
TpTrace Information: 0 : 760, 1, 2023/05/15, 22:58:59.019, 1660652567224, vstest.console.dll, TestPluginManager.CreateTestExtension: Attempting to load test extension: Microsoft.TestPlatform.Extensions.BlameDataCollector.BlameLogger
TpTrace Verbose: 0 : 760, 1, 2023/05/15, 22:58:59.027, 1660652647988, vstest.console.dll, TestEngine: Initializing Parallel Execution as MaxCpuCount is set to: 1
TpTrace Information: 0 : 760, 1, 2023/05/15, 22:58:59.029, 1660652667702, vstest.console.dll, TestPluginManager.CreateTestExtension: Attempting to load test extension: Microsoft.VisualStudio.TestPlatform.CrossPlatEngine.Hosting.DefaultTestHostManager
TpTrace Information: 0 : 760, 1, 2023/05/15, 22:58:59.030, 1660652673271, vstest.console.dll, TestPluginManager.CreateTestExtension: Attempting to load test extension: Microsoft.VisualStudio.TestPlatform.CrossPlatEngine.Hosting.DotnetTestHostManager
TpTrace Information: 0 : 760, 1, 2023/05/15, 22:58:59.030, 1660652677810, vstest.console.dll, InferRunSettingsHelper.IsTestSettingsEnabled: Unable to navigate to RunSettings/MSTest. Current node: RunSettings
TpTrace Verbose: 0 : 760, 1, 2023/05/15, 22:58:59.034, 1660652718153, vstest.console.dll, TestEngine.GetExecutionManager: Chosen execution manager 'Microsoft.VisualStudio.TestPlatform.CrossPlatEngine.Client.Parallel.ParallelProxyExecutionManager, Microsoft.TestPlatform.CrossPlatEngine, Version=15.0.0.0, Culture=neutral, PublicKeyToken=b03f5f7f11d50a3a' ParallelLevel '1'.
TpTrace Verbose: 0 : 760, 1, 2023/05/15, 22:58:59.034, 1660652719590, vstest.console.dll, TestRunRequest.ExecuteAsync: Creating test run request.
TpTrace Verbose: 0 : 760, 1, 2023/05/15, 22:58:59.034, 1660652721152, vstest.console.dll, TestRunRequest.ExecuteAsync: Starting.
TpTrace Information: 0 : 760, 1, 2023/05/15, 22:58:59.035, 1660652726221, vstest.console.dll, TestRunRequest.ExecuteAsync: Starting run with settings:TestRunCriteria:
   KeepAlive=False,FrequencyOfRunStatsChangeEvent=10,RunStatsChangeEventTimeout=00:00:01.5000000,TestCaseFilter=,TestExecutorLauncher=
   Settingsxml=<RunSettings>
  <RunConfiguration>
    <ResultsDirectory>C:\Users\laxmi\source\repos\PostalCode.API\PostalCode.API.Test\bin\Debug\netcoreapp3.1\fine-code-coverage\coverage-tool-output</ResultsDirectory>
    <TargetPlatform>X64</TargetPlatform>
    <TargetFrameworkVersion>.NETCoreApp,Version=v3.1</TargetFrameworkVersion>
    <DesignMode>False</DesignMode>
    <CollectSourceInformation>False</CollectSourceInformation>
  </RunConfiguration>
  <LoggerRunSettings>
    <Loggers>
      <Logger friendlyName="blame" enabled="True" />
      <Logger friendlyName="Console" uri="logger://microsoft/TestPlatform/ConsoleLogger/v1" assemblyQualifiedName="Microsoft.VisualStudio.TestPlatform.CommandLine.Internal.ConsoleLogger, vstest.console, Version=15.0.0.0, Culture=neutral, PublicKeyToken=b03f5f7f11d50a3a" codeBase="C:\Program Files\dotnet\sdk\7.0.103\vstest.console.dll" enabled="True" />
    </Loggers>
  </LoggerRunSettings>
  <DataCollectionRunSettings>
    <DataCollectors>
      <DataCollector friendlyName="blame" enabled="True">
        <Configuration>
          <ResultsDirectory>C:\Users\laxmi\source\repos\PostalCode.API\PostalCode.API.Test\bin\Debug\netcoreapp3.1\fine-code-coverage\coverage-tool-output</ResultsDirectory>
        </Configuration>
      </DataCollector>
    </DataCollectors>
  </DataCollectionRunSettings>
</RunSettings>

TpTrace Verbose: 0 : 760, 1, 2023/05/15, 22:58:59.035, 1660652726740, vstest.console.dll, TestRunRequest.ExecuteAsync: Wait for the first run request is over.
TpTrace Verbose: 0 : 760, 1, 2023/05/15, 22:58:59.035, 1660652729102, vstest.console.dll, MulticastDelegateUtilities.SafeInvoke: TestRun.TestRunStart: Invoking callbacks was skipped because there are no subscribers.
TpTrace Verbose: 0 : 760, 4, 2023/05/15, 22:58:59.035, 1660652731345, vstest.console.dll, MulticastDelegateUtilities.SafeInvoke: InternalTestLoggerEvents.SendTestRunStart: Invoking callback 1/1 for Microsoft.VisualStudio.TestPlatform.CommandLine.Internal.ConsoleLogger., took 0 ms.
TpTrace Verbose: 0 : 760, 1, 2023/05/15, 22:58:59.036, 1660652738118, vstest.console.dll, ParallelProxyExecutionManager: Start execution. Total sources: 1
TpTrace Verbose: 0 : 760, 1, 2023/05/15, 22:58:59.037, 1660652750002, vstest.console.dll, TestRequestSender is acting as server.
TpTrace Verbose: 0 : 760, 1, 2023/05/15, 22:58:59.038, 1660652758457, vstest.console.dll, DataCollectionRequestSender.InitializeCommunication : Initialize communication. 
TpTrace Information: 0 : 760, 1, 2023/05/15, 22:58:59.041, 1660652788318, vstest.console.dll, Listening on Endpoint : 127.0.0.1:53461
TpTrace Verbose: 0 : 760, 1, 2023/05/15, 22:58:59.047, 1660652843755, vstest.console.dll, DotnetDataCollectionLauncher: Adding  --runtimeconfig "C:\Program Files\dotnet\sdk\7.0.103\datacollector.runtimeconfig.json" in args
TpTrace Verbose: 0 : 760, 1, 2023/05/15, 22:58:59.047, 1660652846120, vstest.console.dll, DotnetDataCollectionLauncher: Adding  --depsfile "C:\Program Files\dotnet\sdk\7.0.103\datacollector.deps.json" in args
TpTrace Verbose: 0 : 760, 1, 2023/05/15, 22:58:59.047, 1660652847400, vstest.console.dll, DotnetDataCollectionLauncher: Full path of dotnet.exe is C:\Program Files\dotnet\dotnet.exe
TpTrace Information: 0 : 760, 1, 2023/05/15, 22:58:59.054, 1660652912647, vstest.console.dll, ProxyDataCollectionManager.Initialize: Launched datacollector processId: 33460 port: 53461
TpTrace Information: 0 : 760, 1, 2023/05/15, 22:58:59.054, 1660652914199, vstest.console.dll, ProxyDataCollectionManager.Initialize: waiting for connection with timeout: 90 seconds
TpTrace Verbose: 0 : 760, 1, 2023/05/15, 22:58:59.054, 1660652915116, vstest.console.dll, DataCollectionRequestSender.WaitForRequestHandlerConnection : Waiting for connection with timeout: 90000
TpTrace Information: 0 : 760, 7, 2023/05/15, 22:58:59.160, 1660653976993, vstest.console.dll, Using the buffer size of 16384 bytes
TpTrace Verbose: 0 : 760, 1, 2023/05/15, 22:58:59.160, 1660653977207, vstest.console.dll, SocketCommunicationManager.WaitForClientConnection took: 106 ms, with 90000 ms timeout, and finished with True.
TpTrace Information: 0 : 760, 7, 2023/05/15, 22:58:59.160, 1660653978121, vstest.console.dll, Accepted Client request and set the flag
TpTrace Verbose: 0 : 760, 1, 2023/05/15, 22:58:59.160, 1660653979068, vstest.console.dll, ProxyDataCollectionManager.InvokeDataCollectionServiceAction: Starting.
TpTrace Information: 0 : 760, 1, 2023/05/15, 22:58:59.160, 1660653979654, vstest.console.dll, ProxyDataCollectionManager.BeforeTestRunStart: Get environment variable and port for datacollector processId: 33460 port: 53461
TpTrace Verbose: 0 : 760, 1, 2023/05/15, 22:58:59.160, 1660653980661, vstest.console.dll, DataCollectionRequestSender.SendBeforeTestRunStartAndGetResult: Send BeforeTestRunStart message with settingsXml <RunSettings><RunConfiguration><ResultsDirectory>C:\Users\laxmi\source\repos\PostalCode.API\PostalCode.API.Test\bin\Debug\netcoreapp3.1\fine-code-coverage\coverage-tool-output</ResultsDirectory><TargetPlatform>X64</TargetPlatform><TargetFrameworkVersion>.NETCoreApp,Version=v3.1</TargetFrameworkVersion><DesignMode>False</DesignMode><CollectSourceInformation>False</CollectSourceInformation><TestAdaptersPaths>C:\Program Files\dotnet\sdk\7.0.103\Extensions</TestAdaptersPaths></RunConfiguration><LoggerRunSettings><Loggers><Logger friendlyName="blame" enabled="True" /><Logger friendlyName="Console" uri="logger://microsoft/TestPlatform/ConsoleLogger/v1" assemblyQualifiedName="Microsoft.VisualStudio.TestPlatform.CommandLine.Internal.ConsoleLogger, vstest.console, Version=15.0.0.0, Culture=neutral, PublicKeyToken=b03f5f7f11d50a3a" codeBase="C:\Program Files\dotnet\sdk\7.0.103\vstest.console.dll" enabled="True" /></Loggers></LoggerRunSettings><DataCollectionRunSettings><DataCollectors><DataCollector friendlyName="blame" enabled="True"><Configuration><ResultsDirectory>C:\Users\laxmi\source\repos\PostalCode.API\PostalCode.API.Test\bin\Debug\netcoreapp3.1\fine-code-coverage\coverage-tool-output</ResultsDirectory></Configuration></DataCollector></DataCollectors></DataCollectionRunSettings></RunSettings> and sources System.Collections.Generic.List`1[System.String]: 
TpTrace Verbose: 0 : 760, 1, 2023/05/15, 22:58:59.218, 1660654561372, vstest.console.dll, DataCollectionRequestSender.SendBeforeTestRunStartAndGetResult: Received message: (DataCollection.SendMessage) -> {"MessageType":"DataCollection.SendMessage","Payload":{"FriendlyName":null,"Uri":null,"TestCaseId":"00000000-0000-0000-0000-000000000000","Message":"Logging DataCollector Diagnostics in file: C:\\Users\\laxmi\\source\\repos\\PostalCode.API\\PostalCode.API.Test\\bin\\Debug\\netcoreapp3.1\\fine-code-coverage\\coverage-tool-output\\diagnostics.datacollector.23-05-15_22-58-59_04661_1.log","Level":0}}
TpTrace Verbose: 0 : 760, 1, 2023/05/15, 22:58:59.279, 1660655162358, vstest.console.dll, DataCollectionRequestSender.SendBeforeTestRunStartAndGetResult: Received message: (DataCollection.BeforeTestRunStartResult) -> {"MessageType":"DataCollection.BeforeTestRunStartResult","Payload":{"EnvironmentVariables":{},"DataCollectionEventsPort":53463}}
TpTrace Information: 0 : 760, 1, 2023/05/15, 22:58:59.283, 1660655203908, vstest.console.dll, ProxyDataCollectionManager.BeforeTestRunStart: SendBeforeTestRunStartAndGetResult successful, env variable from datacollector:   and testhost port: 53463
TpTrace Information: 0 : 760, 1, 2023/05/15, 22:58:59.283, 1660655204801, vstest.console.dll, ProxyDataCollectionManager.InvokeDataCollectionServiceAction: Completed.
TpTrace Verbose: 0 : 760, 1, 2023/05/15, 22:58:59.283, 1660655205897, vstest.console.dll, ProxyParallelExecutionManager: No sources available for execution.
TpTrace Verbose: 0 : 760, 7, 2023/05/15, 22:58:59.283, 1660655206328, vstest.console.dll, ParallelProxyExecutionManager: Execution started. Started clients: 1
TpTrace Information: 0 : 760, 1, 2023/05/15, 22:58:59.283, 1660655206421, vstest.console.dll, TestRunRequest.ExecuteAsync: Started.
TpTrace Verbose: 0 : 760, 1, 2023/05/15, 22:58:59.283, 1660655208305, vstest.console.dll, TestRunRequest.WaitForCompletion: Waiting with timeout -1.
TpTrace Verbose: 0 : 760, 7, 2023/05/15, 22:58:59.283, 1660655208658, vstest.console.dll, TestRunRequest:SendTestRunMessage: Starting.
TpTrace Verbose: 0 : 760, 7, 2023/05/15, 22:58:59.283, 1660655209809, vstest.console.dll, MulticastDelegateUtilities.SafeInvoke: TestRun.LogMessages: Invoking callback 1/1 for Microsoft.VisualStudio.TestPlatform.CommandLine.TestRunResultAggregator., took 0 ms.
TpTrace Information: 0 : 760, 7, 2023/05/15, 22:58:59.283, 1660655210074, vstest.console.dll, TestRunRequest:SendTestRunMessage: Completed.
TpTrace Verbose: 0 : 760, 7, 2023/05/15, 22:58:59.283, 1660655211263, vstest.console.dll, ProxyExecutionManager: Test host is always Lazy initialize.
TpTrace Verbose: 0 : 760, 4, 2023/05/15, 22:58:59.283, 1660655211652, vstest.console.dll, MulticastDelegateUtilities.SafeInvoke: InternalTestLoggerEvents.SendTestRunMessage: Invoking callback 1/1 for Microsoft.VisualStudio.TestPlatform.CommandLine.Internal.ConsoleLogger., took 0 ms.
TpTrace Verbose: 0 : 760, 7, 2023/05/15, 22:58:59.284, 1660655213032, vstest.console.dll, TestRequestSender.InitializeCommunication: initialize communication. 
TpTrace Information: 0 : 760, 7, 2023/05/15, 22:58:59.284, 1660655220243, vstest.console.dll, SocketServer.Start: Listening on endpoint : 127.0.0.1:53464
TpTrace Verbose: 0 : 760, 7, 2023/05/15, 22:58:59.285, 1660655226085, vstest.console.dll, DotnetTestHostmanager.GetTestHostProcessStartInfo: Platform environment 'X64' target architecture 'X64' framework '.NETCoreApp,Version=v3.1' OS 'Windows'
TpTrace Verbose: 0 : 760, 7, 2023/05/15, 22:58:59.285, 1660655232045, vstest.console.dll, DotnetTestHostmanager: Adding  --runtimeconfig "C:\Users\laxmi\source\repos\PostalCode.API\PostalCode.API.Test\bin\Debug\netcoreapp3.1\fine-code-coverage\build-output\PostalCode.API.Test.runtimeconfig.json" in args
TpTrace Verbose: 0 : 760, 7, 2023/05/15, 22:58:59.286, 1660655232992, vstest.console.dll, DotnetTestHostmanager: Adding  --depsfile "C:\Users\laxmi\source\repos\PostalCode.API\PostalCode.API.Test\bin\Debug\netcoreapp3.1\fine-code-coverage\build-output\PostalCode.API.Test.deps.json" in args
TpTrace Verbose: 0 : 760, 7, 2023/05/15, 22:58:59.286, 1660655235474, vstest.console.dll, DotnetTestHostmanager.IsWinOnArm: Current PROCESSOR_ARCHITECTURE from environment variable 'AMD64'
TpTrace Verbose: 0 : 760, 7, 2023/05/15, 22:58:59.286, 1660655235814, vstest.console.dll, DotnetTestHostmanager.IsWinOnArm: Is Windows on ARM 'False'
TpTrace Verbose: 0 : 760, 7, 2023/05/15, 22:58:59.286, 1660655236251, vstest.console.dll, DotnetTestHostManager: testhost.exe found at path: C:\Users\laxmi\source\repos\PostalCode.API\PostalCode.API.Test\bin\Debug\netcoreapp3.1\fine-code-coverage\build-output\testhost.exe
TpTrace Verbose: 0 : 760, 7, 2023/05/15, 22:58:59.286, 1660655236442, vstest.console.dll, DotnetTestHostmanager: Full path of host exe is C:\Users\laxmi\source\repos\PostalCode.API\PostalCode.API.Test\bin\Debug\netcoreapp3.1\fine-code-coverage\build-output\testhost.exe
TpTrace Verbose: 0 : 760, 7, 2023/05/15, 22:58:59.286, 1660655238522, vstest.console.dll, DotnetTestHostmanager.LaunchTestHostAsync: Found 'VSTEST_WINAPPHOST_DOTNET_ROOT' in env variables, value 'C:\Program Files\dotnet', forwarding to 'DOTNET_ROOT'
TpTrace Verbose: 0 : 760, 7, 2023/05/15, 22:58:59.286, 1660655239532, vstest.console.dll, DotnetTestHostManager: Starting process 'C:\Users\laxmi\source\repos\PostalCode.API\PostalCode.API.Test\bin\Debug\netcoreapp3.1\fine-code-coverage\build-output\testhost.exe' with command line ' --runtimeconfig "C:\Users\laxmi\source\repos\PostalCode.API\PostalCode.API.Test\bin\Debug\netcoreapp3.1\fine-code-coverage\build-output\PostalCode.API.Test.runtimeconfig.json" --depsfile "C:\Users\laxmi\source\repos\PostalCode.API\PostalCode.API.Test\bin\Debug\netcoreapp3.1\fine-code-coverage\build-output\PostalCode.API.Test.deps.json" --port 53464 --endpoint 127.0.0.1:053464 --role client --parentprocessid 760 --diag "C:\Users\laxmi\source\repos\PostalCode.API\PostalCode.API.Test\bin\Debug\netcoreapp3.1\fine-code-coverage\coverage-tool-output\diagnostics.host.23-05-15_22-58-59_28509_7.log" --tracelevel 4 --datacollectionport 53463 --telemetryoptedin false'
TpTrace Verbose: 0 : 760, 7, 2023/05/15, 22:58:59.295, 1660655330701, vstest.console.dll, MulticastDelegateUtilities.SafeInvoke: HostProviderEvents.OnHostLaunched: Invoking callback 1/2 for Microsoft.VisualStudio.TestPlatform.CrossPlatEngine.Client.ProxyExecutionManagerWithDataCollection., took 1 ms.
TpTrace Verbose: 0 : 760, 7, 2023/05/15, 22:58:59.296, 1660655333237, vstest.console.dll, Test Runtime launched
TpTrace Verbose: 0 : 760, 7, 2023/05/15, 22:58:59.296, 1660655333824, vstest.console.dll, MulticastDelegateUtilities.SafeInvoke: HostProviderEvents.OnHostLaunched: Invoking callback 2/2 for Microsoft.VisualStudio.TestPlatform.CrossPlatEngine.Client.ProxyOperationManager., took 0 ms.
TpTrace Verbose: 0 : 760, 7, 2023/05/15, 22:58:59.296, 1660655335127, vstest.console.dll, TestRequestSender.WaitForRequestHandlerConnection: waiting for connection with timeout: 90000.
TpTrace Verbose: 0 : 760, 12, 2023/05/15, 22:58:59.438, 1660656761392, vstest.console.dll, MulticastDelegateUtilities.SafeInvoke: SocketServer: ClientConnected: Invoking callback 1/1 for Microsoft.VisualStudio.TestPlatform.CommunicationUtilities.TestRequestSender., took 0 ms.
TpTrace Verbose: 0 : 760, 12, 2023/05/15, 22:58:59.439, 1660656762464, vstest.console.dll, SocketServer.OnClientConnected: Client connected for endPoint: 127.0.0.1:53464, starting MessageLoopAsync:
TpTrace Verbose: 0 : 760, 7, 2023/05/15, 22:58:59.438, 1660656761430, vstest.console.dll, TestRequestSender.WaitForRequestHandlerConnection: waiting took 142 ms, with timeout 90000 ms, and result 0, which is success.
TpTrace Verbose: 0 : 760, 12, 2023/05/15, 22:58:59.439, 1660656763913, vstest.console.dll, TcpClientExtensions.MessageLoopAsync: Polling on remoteEndPoint: 127.0.0.1:53465 localEndPoint: 127.0.0.1:53464
TpTrace Verbose: 0 : 760, 7, 2023/05/15, 22:58:59.439, 1660656771108, vstest.console.dll, TestRequestSender.CheckVersionWithTestHost: Sending check version message: {"MessageType":"ProtocolVersion","Payload":7}
TpTrace Verbose: 0 : 760, 12, 2023/05/15, 22:58:59.528, 1660657655585, vstest.console.dll, TcpClientExtensions.MessageLoopAsync: NotifyDataAvailable remoteEndPoint: 127.0.0.1:53465 localEndPoint: 127.0.0.1:53464
TpTrace Verbose: 0 : 760, 12, 2023/05/15, 22:58:59.528, 1660657657841, vstest.console.dll, TestRequestSender.CheckVersionWithTestHost: onMessageReceived received message: (ProtocolVersion) -> {"MessageType":"ProtocolVersion","Payload":7}
TpTrace Verbose: 0 : 760, 12, 2023/05/15, 22:58:59.529, 1660657663572, vstest.console.dll, MulticastDelegateUtilities.SafeInvoke: LengthPrefixCommunicationChannel: MessageReceived: Invoking callback 1/1 for Microsoft.VisualStudio.TestPlatform.CommunicationUtilities.TestRequestSender+<>c__DisplayClass26_0., took 0 ms.
TpTrace Verbose: 0 : 760, 12, 2023/05/15, 22:58:59.529, 1660657664321, vstest.console.dll, TcpClientExtensions.MessageLoopAsync: Polling on remoteEndPoint: 127.0.0.1:53465 localEndPoint: 127.0.0.1:53464
TpTrace Verbose: 0 : 760, 7, 2023/05/15, 22:58:59.529, 1660657665076, vstest.console.dll, TestPluginCache.GetExtensionPaths: Filtered extension paths: 
TpTrace Verbose: 0 : 760, 7, 2023/05/15, 22:58:59.529, 1660657665616, vstest.console.dll, TestPluginCache.GetExtensionPaths: Added default extension paths: C:\Program Files\dotnet\sdk\7.0.103\Extensions\Microsoft.Diagnostics.NETCore.Client.dll
C:\Program Files\dotnet\sdk\7.0.103\Extensions\Microsoft.TestPlatform.Extensions.BlameDataCollector.dll
C:\Program Files\dotnet\sdk\7.0.103\Extensions\Microsoft.TestPlatform.Extensions.EventLogCollector.dll
C:\Program Files\dotnet\sdk\7.0.103\Extensions\Microsoft.TestPlatform.TestHostRuntimeProvider.dll
C:\Program Files\dotnet\sdk\7.0.103\Extensions\Microsoft.VisualStudio.TestPlatform.Extensions.Html.TestLogger.dll
C:\Program Files\dotnet\sdk\7.0.103\Extensions\Microsoft.VisualStudio.TestPlatform.Extensions.Trx.TestLogger.dll
TpTrace Verbose: 0 : 760, 7, 2023/05/15, 22:58:59.529, 1660657665802, vstest.console.dll, TestPluginCache.GetExtensionPaths: Added unfilterableExtensionPaths: 
TpTrace Verbose: 0 : 760, 7, 2023/05/15, 22:58:59.531, 1660657691312, vstest.console.dll, TestRequestSender.InitializeExecution: Sending initialize execution with message: {"Version":7,"MessageType":"TestExecution.Initialize","Payload":["C:\\Users\\laxmi\\source\\repos\\PostalCode.API\\PostalCode.API.Test\\bin\\Debug\\netcoreapp3.1\\fine-code-coverage\\build-output\\Microsoft.VisualStudio.TestPlatform.MSTest.TestAdapter.dll"]}
TpTrace Warning: 0 : 760, 7, 2023/05/15, 22:58:59.532, 1660657694809, vstest.console.dll, InferRunSettingsHelper.MakeRunsettingsCompatible: Removing the following settings: TargetPlatform from RunSettings file. To use those settings please move to latest version of Microsoft.NET.Test.Sdk
TpTrace Verbose: 0 : 760, 12, 2023/05/15, 22:58:59.532, 1660657701761, vstest.console.dll, TcpClientExtensions.MessageLoopAsync: NotifyDataAvailable remoteEndPoint: 127.0.0.1:53465 localEndPoint: 127.0.0.1:53464
TpTrace Verbose: 0 : 760, 12, 2023/05/15, 22:58:59.533, 1660657704219, vstest.console.dll, TestRequestSender.OnExecutionMessageReceived: Received message: {"Version":7,"MessageType":"TestSession.Message","Payload":{"MessageLevel":0,"Message":"Logging TestHost Diagnostics in file: C:\\Users\\laxmi\\source\\repos\\PostalCode.API\\PostalCode.API.Test\\bin\\Debug\\netcoreapp3.1\\fine-code-coverage\\coverage-tool-output\\diagnostics.host.23-05-15_22-58-59_28509_7.log"}}
TpTrace Verbose: 0 : 760, 12, 2023/05/15, 22:58:59.535, 1660657731828, vstest.console.dll, TestRunRequest:SendTestRunMessage: Starting.
TpTrace Verbose: 0 : 760, 12, 2023/05/15, 22:58:59.536, 1660657733379, vstest.console.dll, MulticastDelegateUtilities.SafeInvoke: TestRun.LogMessages: Invoking callback 1/1 for Microsoft.VisualStudio.TestPlatform.CommandLine.TestRunResultAggregator., took 0 ms.
TpTrace Information: 0 : 760, 12, 2023/05/15, 22:58:59.536, 1660657733628, vstest.console.dll, TestRunRequest:SendTestRunMessage: Completed.
TpTrace Verbose: 0 : 760, 12, 2023/05/15, 22:58:59.536, 1660657733850, vstest.console.dll, MulticastDelegateUtilities.SafeInvoke: LengthPrefixCommunicationChannel: MessageReceived: Invoking callback 1/1 for Microsoft.VisualStudio.TestPlatform.CommunicationUtilities.TestRequestSender+<>c__DisplayClass31_0., took 3 ms.
TpTrace Verbose: 0 : 760, 4, 2023/05/15, 22:58:59.536, 1660657734328, vstest.console.dll, MulticastDelegateUtilities.SafeInvoke: InternalTestLoggerEvents.SendTestRunMessage: Invoking callback 1/1 for Microsoft.VisualStudio.TestPlatform.CommandLine.Internal.ConsoleLogger., took 0 ms.
TpTrace Verbose: 0 : 760, 12, 2023/05/15, 22:58:59.536, 1660657734584, vstest.console.dll, TcpClientExtensions.MessageLoopAsync: Polling on remoteEndPoint: 127.0.0.1:53465 localEndPoint: 127.0.0.1:53464
TpTrace Verbose: 0 : 760, 7, 2023/05/15, 22:58:59.539, 1660657765097, vstest.console.dll, TestRequestSender.StartTestRun: Sending test run with message: {"Version":7,"MessageType":"TestExecution.StartWithSources","Payload":{"AdapterSourceMap":{"_none_":["C:\\Users\\laxmi\\source\\repos\\PostalCode.API\\PostalCode.API.Test\\bin\\Debug\\netcoreapp3.1\\fine-code-coverage\\build-output\\PostalCode.API.Test.dll"]},"RunSettings":"<RunSettings>\r\n  <RunConfiguration>\r\n    <ResultsDirectory>C:\\Users\\laxmi\\source\\repos\\PostalCode.API\\PostalCode.API.Test\\bin\\Debug\\netcoreapp3.1\\fine-code-coverage\\coverage-tool-output</ResultsDirectory>\r\n    <TargetFrameworkVersion>.NETCoreApp,Version=v3.1</TargetFrameworkVersion>\r\n    <DesignMode>False</DesignMode>\r\n    <CollectSourceInformation>False</CollectSourceInformation>\r\n  </RunConfiguration>\r\n  <LoggerRunSettings>\r\n    <Loggers>\r\n      <Logger friendlyName=\"blame\" enabled=\"True\" />\r\n      <Logger friendlyName=\"Console\" uri=\"logger://microsoft/TestPlatform/ConsoleLogger/v1\" assemblyQualifiedName=\"Microsoft.VisualStudio.TestPlatform.CommandLine.Internal.ConsoleLogger, vstest.console, Version=15.0.0.0, Culture=neutral, PublicKeyToken=b03f5f7f11d50a3a\" codeBase=\"C:\\Program Files\\dotnet\\sdk\\7.0.103\\vstest.console.dll\" enabled=\"True\" />\r\n    </Loggers>\r\n  </LoggerRunSettings>\r\n  <DataCollectionRunSettings>\r\n    <DataCollectors>\r\n      <DataCollector friendlyName=\"blame\" enabled=\"True\">\r\n        <Configuration>\r\n          <ResultsDirectory>C:\\Users\\laxmi\\source\\repos\\PostalCode.API\\PostalCode.API.Test\\bin\\Debug\\netcoreapp3.1\\fine-code-coverage\\coverage-tool-output</ResultsDirectory>\r\n        </Configuration>\r\n      </DataCollector>\r\n    </DataCollectors>\r\n  </DataCollectionRunSettings>\r\n</RunSettings>","TestExecutionContext":{"FrequencyOfRunStatsChangeEvent":10,"RunStatsChangeEventTimeout":"00:00:01.5000000","InIsolation":false,"KeepAlive":false,"AreTestCaseLevelEventsRequired":false,"IsDebug":false,"TestCaseFilter":null,"FilterOptions":null},"Package":null}}
TpTrace Verbose: 0 : 760, 12, 2023/05/15, 22:58:59.953, 1660661910872, vstest.console.dll, TcpClientExtensions.MessageLoopAsync: NotifyDataAvailable remoteEndPoint: 127.0.0.1:53465 localEndPoint: 127.0.0.1:53464
TpTrace Verbose: 0 : 760, 12, 2023/05/15, 22:58:59.954, 1660661915019, vstest.console.dll, TestRequestSender.OnExecutionMessageReceived: Received message: {"Version":7,"MessageType":"TestExecution.Completed","Payload":{"TestRunCompleteArgs":{"TestRunStatistics":{"ExecutedTests":4,"Stats":{"Passed":4}},"IsCanceled":false,"IsAborted":false,"Error":null,"AttachmentSets":[],"InvokedDataCollectors":[],"ElapsedTimeInRunningTests":"00:00:00.2820545","Metrics":{},"DiscoveredExtensions":{"TestDiscoverers":["Microsoft.VisualStudio.TestPlatform.MSTest.TestAdapter.MSTestDiscoverer, Microsoft.VisualStudio.TestPlatform.MSTest.TestAdapter, Version=14.0.0.0, Culture=neutral, PublicKeyToken=b03f5f7f11d50a3a"],"TestExecutors":["executor://MSTestAdapter/v2"],"TestExecutors2":[],"TestSettingsProviders":[]}},"LastRunTests":{"NewTestResults":[{"TestCase":{"Id":"abacb34e-8c24-131e-9894-571ea0d1ae8f","FullyQualifiedName":"PostalCode.API.Test.PostCodesLookupControllerTests.AutocompletePostcode_ValidPartialPostcode_ReturnsSearchResults","DisplayName":"AutocompletePostcode_ValidPartialPostcode_ReturnsSearchResults","ExecutorUri":"executor://MSTestAdapter/v2","Source":"C:\\Users\\laxmi\\source\\repos\\PostalCode.API\\PostalCode.API.Test\\bin\\Debug\\netcoreapp3.1\\fine-code-coverage\\build-output\\PostalCode.API.Test.dll","CodeFilePath":null,"LineNumber":-1,"Properties":[{"Key":{"Id":"TestCase.ManagedType","Label":"ManagedType","Category":"","Description":"","Attributes":1,"ValueType":"System.String"},"Value":"PostalCode.API.Test.PostCodesLookupControllerTests"},{"Key":{"Id":"TestCase.ManagedMethod","Label":"ManagedMethod","Category":"","Description":"","Attributes":1,"ValueType":"System.String"},"Value":"AutocompletePostcode_ValidPartialPostcode_ReturnsSearchResults"},{"Key":{"Id":"MSTestDiscoverer.TestClassName","Label":"ClassName","Category":"","Description":"","Attributes":1,"ValueType":"System.String"},"Value":"PostalCode.API.Test.PostCodesLookupControllerTests"},{"Key":{"Id":"TestCase.Hierarchy","Label":"Hierarchy","Category":"","Description":"","Attributes":2,"ValueType":"System.String[]"},"Value":["PostalCode.API.Test","PostCodesLookupControllerTests"]},{"Key":{"Id":"TestObject.Traits","Label":"Traits","Category":"","Description":"","Attributes":5,"ValueType":"System.Collections.Generic.KeyValuePair`2[[System.String],[System.String]][]"},"Value":[]}]},"Attachments":[],"Outcome":1,"ErrorMessage":null,"ErrorStackTrace":null,"DisplayName":"AutocompletePostcode_ValidPartialPostcode_ReturnsSearchResults","Messages":[],"ComputerName":null,"Duration":"00:00:00.1078244","StartTime":"2023-05-15T22:58:59.7455755+01:00","EndTime":"2023-05-15T22:58:59.8654183+01:00","Properties":[{"Key":{"Id":"ExecutionId","Label":"ExecutionId","Category":"","Description":"","Attributes":1,"ValueType":"System.Guid"},"Value":"00000000-0000-0000-0000-000000000000"},{"Key":{"Id":"ParentExecId","Label":"ParentExecId","Category":"","Description":"","Attributes":1,"ValueType":"System.Guid"},"Value":"00000000-0000-0000-0000-000000000000"},{"Key":{"Id":"InnerResultsCount","Label":"InnerResultsCount","Category":"","Description":"","Attributes":1,"ValueType":"System.Int32"},"Value":0}]},{"TestCase":{"Id":"02a0d2b2-4f12-203b-9ff2-e872607d1229","FullyQualifiedName":"PostalCode.API.Test.PostCodesLookupControllerTests.AutocompletePostcode_InvalidPartialPostcode_ThrowsCustomException","DisplayName":"AutocompletePostcode_InvalidPartialPostcode_ThrowsCustomException","ExecutorUri":"executor://MSTestAdapter/v2","Source":"C:\\Users\\laxmi\\source\\repos\\PostalCode.API\\PostalCode.API.Test\\bin\\Debug\\netcoreapp3.1\\fine-code-coverage\\build-output\\PostalCode.API.Test.dll","CodeFilePath":null,"LineNumber":-1,"Properties":[{"Key":{"Id":"TestCase.ManagedType","Label":"ManagedType","Category":"","Description":"","Attributes":1,"ValueType":"System.String"},"Value":"PostalCode.API.Test.PostCodesLookupControllerTests"},{"Key":{"Id":"TestCase.ManagedMethod","Label":"ManagedMethod","Category":"","Description":"","Attributes":1,"ValueType":"System.String"},"Value":"AutocompletePostcode_InvalidPartialPostcode_ThrowsCustomException"},{"Key":{"Id":"MSTestDiscoverer.TestClassName","Label":"ClassName","Category":"","Description":"","Attributes":1,"ValueType":"System.String"},"Value":"PostalCode.API.Test.PostCodesLookupControllerTests"},{"Key":{"Id":"TestCase.Hierarchy","Label":"Hierarchy","Category":"","Description":"","Attributes":2,"ValueType":"System.String[]"},"Value":["PostalCode.API.Test","PostCodesLookupControllerTests"]},{"Key":{"Id":"TestObject.Traits","Label":"Traits","Category":"","Description":"","Attributes":5,"ValueType":"System.Collections.Generic.KeyValuePair`2[[System.String],[System.String]][]"},"Value":[]}]},"Attachments":[],"Outcome":1,"ErrorMessage":null,"ErrorStackTrace":null,"DisplayName":"AutocompletePostcode_InvalidPartialPostcode_ThrowsCustomException","Messages":[],"ComputerName":null,"Duration":"00:00:00.0057463","StartTime":"2023-05-15T22:58:59.884239+01:00","EndTime":"2023-05-15T22:58:59.8904267+01:00","Properties":[{"Key":{"Id":"ExecutionId","Label":"ExecutionId","Category":"","Description":"","Attributes":1,"ValueType":"System.Guid"},"Value":"00000000-0000-0000-0000-000000000000"},{"Key":{"Id":"ParentExecId","Label":"ParentExecId","Category":"","Description":"","Attributes":1,"ValueType":"System.Guid"},"Value":"00000000-0000-0000-0000-000000000000"},{"Key":{"Id":"InnerResultsCount","Label":"InnerResultsCount","Category":"","Description":"","Attributes":1,"ValueType":"System.Int32"},"Value":0}]},{"TestCase":{"Id":"5627a270-0263-3985-5679-8d7f92f9ccea","FullyQualifiedName":"PostalCode.API.Test.PostCodesLookupControllerTests.LookupPostcodeAsync_Returns_Successful_Result","DisplayName":"LookupPostcodeAsync_Returns_Successful_Result","ExecutorUri":"executor://MSTestAdapter/v2","Source":"C:\\Users\\laxmi\\source\\repos\\PostalCode.API\\PostalCode.API.Test\\bin\\Debug\\netcoreapp3.1\\fine-code-coverage\\build-output\\PostalCode.API.Test.dll","CodeFilePath":null,"LineNumber":-1,"Properties":[{"Key":{"Id":"TestCase.ManagedType","Label":"ManagedType","Category":"","Description":"","Attributes":1,"ValueType":"System.String"},"Value":"PostalCode.API.Test.PostCodesLookupControllerTests"},{"Key":{"Id":"TestCase.ManagedMethod","Label":"ManagedMethod","Category":"","Description":"","Attributes":1,"ValueType":"System.String"},"Value":"LookupPostcodeAsync_Returns_Successful_Result"},{"Key":{"Id":"MSTestDiscoverer.TestClassName","Label":"ClassName","Category":"","Description":"","Attributes":1,"ValueType":"System.String"},"Value":"PostalCode.API.Test.PostCodesLookupControllerTests"},{"Key":{"Id":"TestCase.Hierarchy","Label":"Hierarchy","Category":"","Description":"","Attributes":2,"ValueType":"System.String[]"},"Value":["PostalCode.API.Test","PostCodesLookupControllerTests"]},{"Key":{"Id":"TestObject.Traits","Label":"Traits","Category":"","Description":"","Attributes":5,"ValueType":"System.Collections.Generic.KeyValuePair`2[[System.String],[System.String]][]"},"Value":[]}]},"Attachments":[],"Outcome":1,"ErrorMessage":null,"ErrorStackTrace":null,"DisplayName":"LookupPostcodeAsync_Returns_Successful_Result","Messages":[],"ComputerName":null,"Duration":"00:00:00.0030391","StartTime":"2023-05-15T22:58:59.8939034+01:00","EndTime":"2023-05-15T22:58:59.8972913+01:00","Properties":[{"Key":{"Id":"ExecutionId","Label":"ExecutionId","Category":"","Description":"","Attributes":1,"ValueType":"System.Guid"},"Value":"00000000-0000-0000-0000-000000000000"},{"Key":{"Id":"ParentExecId","Label":"ParentExecId","Category":"","Description":"","Attributes":1,"ValueType":"System.Guid"},"Value":"00000000-0000-0000-0000-000000000000"},{"Key":{"Id":"InnerResultsCount","Label":"InnerResultsCount","Category":"","Description":"","Attributes":1,"ValueType":"System.Int32"},"Value":0}]},{"TestCase":{"Id":"077a266b-b9e0-eaa6-5923-d4b6fa621183","FullyQualifiedName":"PostalCode.API.Test.PostCodesLookupControllerTests.LookupPostcodeAsync_Throws_CustomException","DisplayName":"LookupPostcodeAsync_Throws_CustomException","ExecutorUri":"executor://MSTestAdapter/v2","Source":"C:\\Users\\laxmi\\source\\repos\\PostalCode.API\\PostalCode.API.Test\\bin\\Debug\\netcoreapp3.1\\fine-code-coverage\\build-output\\PostalCode.API.Test.dll","CodeFilePath":null,"LineNumber":-1,"Properties":[{"Key":{"Id":"TestCase.ManagedType","Label":"ManagedType","Category":"","Description":"","Attributes":1,"ValueType":"System.String"},"Value":"PostalCode.API.Test.PostCodesLookupControllerTests"},{"Key":{"Id":"TestCase.ManagedMethod","Label":"ManagedMethod","Category":"","Description":"","Attributes":1,"ValueType":"System.String"},"Value":"LookupPostcodeAsync_Throws_CustomException"},{"Key":{"Id":"MSTestDiscoverer.TestClassName","Label":"ClassName","Category":"","Description":"","Attributes":1,"ValueType":"System.String"},"Value":"PostalCode.API.Test.PostCodesLookupControllerTests"},{"Key":{"Id":"TestCase.Hierarchy","Label":"Hierarchy","Category":"","Description":"","Attributes":2,"ValueType":"System.String[]"},"Value":["PostalCode.API.Test","PostCodesLookupControllerTests"]},{"Key":{"Id":"TestObject.Traits","Label":"Traits","Category":"","Description":"","Attributes":5,"ValueType":"System.Collections.Generic.KeyValuePair`2[[System.String],[System.String]][]"},"Value":[]}]},"Attachments":[],"Outcome":1,"ErrorMessage":null,"ErrorStackTrace":null,"DisplayName":"LookupPostcodeAsync_Throws_CustomException","Messages":[],"ComputerName":null,"Duration":"00:00:00.0014083","StartTime":"2023-05-15T22:58:59.9014682+01:00","EndTime":"2023-05-15T22:58:59.9032471+01:00","Properties":[{"Key":{"Id":"ExecutionId","Label":"ExecutionId","Category":"","Description":"","Attributes":1,"ValueType":"System.Guid"},"Value":"00000000-0000-0000-0000-000000000000"},{"Key":{"Id":"ParentExecId","Label":"ParentExecId","Category":"","Description":"","Attributes":1,"ValueType":"System.Guid"},"Value":"00000000-0000-0000-0000-000000000000"},{"Key":{"Id":"InnerResultsCount","Label":"InnerResultsCount","Category":"","Description":"","Attributes":1,"ValueType":"System.Int32"},"Value":0}]}],"TestRunStatistics":{"ExecutedTests":4,"Stats":{"Passed":4}},"ActiveTests":[]},"RunAttachments":[],"ExecutorUris":["executor://mstestadapter/v2"]}}
TpTrace Verbose: 0 : 760, 12, 2023/05/15, 22:58:59.954, 1660661919007, vstest.console.dll, TestRequestSender.EndSession: Sending end session.
TpTrace Verbose: 0 : 760, 12, 2023/05/15, 22:58:59.954, 1660661921609, vstest.console.dll, ProxyOperationManager.Close: waiting for test host to exit for 100 ms
TpTrace Warning: 0 : 760, 11, 2023/05/15, 22:58:59.981, 1660662185323, vstest.console.dll, TestHostManagerCallbacks.ErrorReceivedCallback Test host standard error line: 
TpTrace Verbose: 0 : 760, 11, 2023/05/15, 22:58:59.988, 1660662254668, vstest.console.dll, TestHostProvider.ExitCallBack: Host exited starting callback.
TpTrace Information: 0 : 760, 11, 2023/05/15, 22:58:59.988, 1660662256519, vstest.console.dll, TestHostManagerCallbacks.ExitCallBack: Testhost processId: 33568 exited with exitcode: 0 error: ''
TpTrace Verbose: 0 : 760, 11, 2023/05/15, 22:58:59.988, 1660662257039, vstest.console.dll, DotnetTestHostManager.OnHostExited: invoking OnHostExited callback
TpTrace Verbose: 0 : 760, 11, 2023/05/15, 22:58:59.988, 1660662257507, vstest.console.dll, CrossPlatEngine.TestHostManagerHostExited: calling on client process exit callback.
TpTrace Information: 0 : 760, 11, 2023/05/15, 22:58:59.988, 1660662257863, vstest.console.dll, TestRequestSender.OnClientProcessExit: Test host process exited. Standard error: 
TpTrace Information: 0 : 760, 11, 2023/05/15, 22:58:59.988, 1660662258217, vstest.console.dll, SocketServer.Stop: Stop server endPoint: 127.0.0.1:53464
TpTrace Information: 0 : 760, 11, 2023/05/15, 22:58:59.988, 1660662258343, vstest.console.dll, SocketServer.Stop: Cancellation requested. Stopping message loop.
TpTrace Information: 0 : 760, 12, 2023/05/15, 22:58:59.988, 1660662259029, vstest.console.dll, SocketServer.Stop: Stop server endPoint: 127.0.0.1:53464
TpTrace Verbose: 0 : 760, 11, 2023/05/15, 22:58:59.988, 1660662258978, vstest.console.dll, MulticastDelegateUtilities.SafeInvoke: HostProviderEvents.OnHostExited: Invoking callback 1/1 for Microsoft.VisualStudio.TestPlatform.CrossPlatEngine.Client.ProxyOperationManager., took 0 ms.
TpTrace Information: 0 : 760, 12, 2023/05/15, 22:58:59.988, 1660662259597, vstest.console.dll, SocketServer.Stop: Cancellation requested. Stopping message loop.
TpTrace Information: 0 : 760, 12, 2023/05/15, 22:58:59.988, 1660662260246, vstest.console.dll, Closing the connection
TpTrace Verbose: 0 : 760, 12, 2023/05/15, 22:58:59.988, 1660662262136, vstest.console.dll, ProxyDataCollectionManager.InvokeDataCollectionServiceAction: Starting.
TpTrace Information: 0 : 760, 12, 2023/05/15, 22:58:59.989, 1660662262509, vstest.console.dll, ProxyDataCollectionManager.AfterTestRunEnd: Get attachment set and invoked data collectors processId: 33460 port: 53461
TpTrace Verbose: 0 : 760, 12, 2023/05/15, 22:58:59.989, 1660662262858, vstest.console.dll, DataCollectionRequestSender.SendAfterTestRunStartAndGetResult: Send AfterTestRunEnd message with isCancelled: False
TpTrace Verbose: 0 : 760, 12, 2023/05/15, 22:58:59.997, 1660662352052, vstest.console.dll, DataCollectionRequestSender.SendAfterTestRunStartAndGetResult: Received message: (DataCollection.AfterTestRunEndResult) -> {"MessageType":"DataCollection.AfterTestRunEndResult","Payload":{"AttachmentSets":[],"InvokedDataCollectors":[{"Uri":"datacollector://Microsoft/TestPlatform/Extensions/Blame/v1","FriendlyName":"Blame","AssemblyQualifiedName":"Microsoft.TestPlatform.Extensions.BlameDataCollector.BlameCollector, Microsoft.TestPlatform.Extensions.BlameDataCollector, Version=15.0.0.0, Culture=neutral, PublicKeyToken=b03f5f7f11d50a3a","FilePath":"C:\\Program Files\\dotnet\\sdk\\7.0.103\\Extensions\\Microsoft.TestPlatform.Extensions.BlameDataCollector.dll","HasAttachmentProcessor":false}],"Metrics":{}}}
TpTrace Warning: 0 : 760, 9, 2023/05/15, 22:59:00.002, 1660662399706, vstest.console.dll, DataCollectionLauncher.ErrorReceivedCallback datacollector standard error line: 
TpTrace Information: 0 : 760, 12, 2023/05/15, 22:59:00.005, 1660662424072, vstest.console.dll, ProxyDataCollectionManager.InvokeDataCollectionServiceAction: Completed.
TpTrace Information: 0 : 760, 9, 2023/05/15, 22:59:00.012, 1660662498932, vstest.console.dll, DataCollectionLauncher.ExitCallBack: Data collector exited with exitcode: 0 error: ''
TpTrace Verbose: 0 : 760, 12, 2023/05/15, 22:59:00.078, 1660663161361, vstest.console.dll, TestRunRequest:SendTestRunStatsChange: Starting.
TpTrace Verbose: 0 : 760, 12, 2023/05/15, 22:59:00.079, 1660663163958, vstest.console.dll, MulticastDelegateUtilities.SafeInvoke: TestRun.RunStatsChanged: Invoking callbacks was skipped because there are no subscribers.
TpTrace Information: 0 : 760, 12, 2023/05/15, 22:59:00.079, 1660663164269, vstest.console.dll, TestRunRequest:SendTestRunStatsChange: Completed.
TpTrace Verbose: 0 : 760, 12, 2023/05/15, 22:59:00.079, 1660663168216, vstest.console.dll, ParallelProxyExecutionManager: HandlePartialRunComplete: Total completed clients = 1, Run complete = True, Run canceled: False.
TpTrace Verbose: 0 : 760, 4, 2023/05/15, 22:59:00.080, 1660663180768, vstest.console.dll, MulticastDelegateUtilities.SafeInvoke: InternalTestLoggerEvents.SendTestResult: Invoking callback 1/1 for Microsoft.VisualStudio.TestPlatform.CommandLine.Internal.ConsoleLogger., took 1 ms.
TpTrace Verbose: 0 : 760, 4, 2023/05/15, 22:59:00.081, 1660663182928, vstest.console.dll, MulticastDelegateUtilities.SafeInvoke: InternalTestLoggerEvents.SendTestResult: Invoking callback 1/1 for Microsoft.VisualStudio.TestPlatform.CommandLine.Internal.ConsoleLogger., took 0 ms.
TpTrace Verbose: 0 : 760, 4, 2023/05/15, 22:59:00.081, 1660663183441, vstest.console.dll, MulticastDelegateUtilities.SafeInvoke: InternalTestLoggerEvents.SendTestResult: Invoking callback 1/1 for Microsoft.VisualStudio.TestPlatform.CommandLine.Internal.ConsoleLogger., took 0 ms.
TpTrace Verbose: 0 : 760, 4, 2023/05/15, 22:59:00.081, 1660663183665, vstest.console.dll, MulticastDelegateUtilities.SafeInvoke: InternalTestLoggerEvents.SendTestResult: Invoking callback 1/1 for Microsoft.VisualStudio.TestPlatform.CommandLine.Internal.ConsoleLogger., took 0 ms.
TpTrace Verbose: 0 : 760, 4, 2023/05/15, 22:59:00.086, 1660663237033, vstest.console.dll, MulticastDelegateUtilities.SafeInvoke: InternalTestLoggerEvents.SendTestRunComplete: Invoking callback 1/2 for Microsoft.TestPlatform.Extensions.BlameDataCollector.BlameLogger., took 0 ms.
TpTrace Verbose: 0 : 760, 4, 2023/05/15, 22:59:00.090, 1660663274878, vstest.console.dll, MulticastDelegateUtilities.SafeInvoke: InternalTestLoggerEvents.SendTestRunComplete: Invoking callback 2/2 for Microsoft.VisualStudio.TestPlatform.CommandLine.Internal.ConsoleLogger., took 3 ms.
TpTrace Verbose: 0 : 760, 12, 2023/05/15, 22:59:00.090, 1660663277412, vstest.console.dll, TestRunRequest:TestRunComplete: Starting. IsAborted:False IsCanceled:False.
TpTrace Verbose: 0 : 760, 12, 2023/05/15, 22:59:00.091, 1660663285941, vstest.console.dll, TestLoggerManager.HandleTestRunComplete: Ignoring as the object is disposed.
TpTrace Verbose: 0 : 760, 12, 2023/05/15, 22:59:00.091, 1660663287514, vstest.console.dll, MulticastDelegateUtilities.SafeInvoke: TestRun.TestRunComplete: Invoking callback 1/2 for Microsoft.VisualStudio.TestPlatform.CommandLine.TestRunResultAggregator., took 0 ms.
TpTrace Verbose: 0 : 760, 12, 2023/05/15, 22:59:00.091, 1660663288549, vstest.console.dll, MulticastDelegateUtilities.SafeInvoke: TestRun.TestRunComplete: Invoking callback 2/2 for Microsoft.VisualStudio.TestPlatform.CommandLine.Processors.RunTestsArgumentExecutor+TestRunRequestEventsRegistrar., took 0 ms.
TpTrace Information: 0 : 760, 12, 2023/05/15, 22:59:00.091, 1660663289411, vstest.console.dll, TestRunRequest:TestRunComplete: Completed.
TpTrace Verbose: 0 : 760, 12, 2023/05/15, 22:59:00.091, 1660663289788, vstest.console.dll, TestRequestSender.SetOperationComplete: Setting operation complete.
TpTrace Verbose: 0 : 760, 1, 2023/05/15, 22:59:00.091, 1660663289801, vstest.console.dll, TestRunRequest.Dispose: Starting.
TpTrace Information: 0 : 760, 1, 2023/05/15, 22:59:00.091, 1660663290317, vstest.console.dll, TestRunRequest.Dispose: Completed.
TpTrace Information: 0 : 760, 12, 2023/05/15, 22:59:00.091, 1660663290325, vstest.console.dll, SocketServer.Stop: Stop server endPoint: 127.0.0.1:53464
TpTrace Information: 0 : 760, 12, 2023/05/15, 22:59:00.091, 1660663290781, vstest.console.dll, SocketServer.Stop: Cancellation requested. Stopping message loop.
TpTrace Information: 0 : 760, 1, 2023/05/15, 22:59:00.091, 1660663290567, vstest.console.dll, TestRequestManager.RunTests: run tests completed.
TpTrace Verbose: 0 : 760, 12, 2023/05/15, 22:59:00.091, 1660663291041, vstest.console.dll, MulticastDelegateUtilities.SafeInvoke: LengthPrefixCommunicationChannel: MessageReceived: Invoking callback 1/1 for Microsoft.VisualStudio.TestPlatform.CommunicationUtilities.TestRequestSender+<>c__DisplayClass31_0., took 137 ms.
TpTrace Information: 0 : 760, 12, 2023/05/15, 22:59:00.091, 1660663291644, vstest.console.dll, SocketServer.PrivateStop: Stopping server endPoint: 127.0.0.1:53464 error: 
TpTrace Information: 0 : 760, 1, 2023/05/15, 22:59:00.091, 1660663292099, vstest.console.dll, RunTestsArgumentProcessor:Execute: Test run is completed.
TpTrace Verbose: 0 : 760, 1, 2023/05/15, 22:59:00.092, 1660663294158, vstest.console.dll, Executor.Execute: Exiting with exit code of 0
TpTrace Verbose: 0 : 760, 12, 2023/05/15, 22:59:00.092, 1660663295685, vstest.console.dll, LengthPrefixCommunicationChannel.Dispose: Dispose reader and writer.
TpTrace Information: 0 : 760, 12, 2023/05/15, 22:59:00.092, 1660663296237, vstest.console.dll, SocketServer.Stop: Raise disconnected event endPoint: 127.0.0.1:53464 error: 
TpTrace Verbose: 0 : 760, 12, 2023/05/15, 22:59:00.092, 1660663296636, vstest.console.dll, TestRequestSender: OnTestRunAbort: Operation is already complete. Skip error message.
TpTrace Verbose: 0 : 760, 12, 2023/05/15, 22:59:00.092, 1660663296909, vstest.console.dll, MulticastDelegateUtilities.SafeInvoke: SocketServer: ClientDisconnected: Invoking callback 1/1 for Microsoft.VisualStudio.TestPlatform.CommunicationUtilities.TestRequestSender., took 0 ms.
TpTrace Verbose: 0 : 760, 12, 2023/05/15, 22:59:00.092, 1660663297065, vstest.console.dll, TcpClientExtensions.MessageLoopAsync: exiting MessageLoopAsync remoteEndPoint: 127.0.0.1:53465 localEndPoint: 127.0.0.1:53464
